[2024-12-13T18:06:38.131+0100] {processor.py:186} INFO - Started process (PID=46737) to work on /home/adminabhi/gitrepo/usa_customer_shopping_trends/src/dags/example_bash_operator.py
[2024-12-13T18:06:38.132+0100] {processor.py:914} INFO - Processing file /home/adminabhi/gitrepo/usa_customer_shopping_trends/src/dags/example_bash_operator.py for tasks to queue
[2024-12-13T18:06:38.133+0100] {logging_mixin.py:190} INFO - [2024-12-13T18:06:38.133+0100] {dagbag.py:588} INFO - Filling up the DagBag from /home/adminabhi/gitrepo/usa_customer_shopping_trends/src/dags/example_bash_operator.py
[2024-12-13T18:06:38.144+0100] {processor.py:925} INFO - DAG(s) 'example_bash_operator' retrieved from /home/adminabhi/gitrepo/usa_customer_shopping_trends/src/dags/example_bash_operator.py
[2024-12-13T18:06:38.291+0100] {logging_mixin.py:190} INFO - [2024-12-13T18:06:38.290+0100] {override.py:1911} INFO - Created Permission View: can delete on DAG:example_bash_operator
[2024-12-13T18:06:38.314+0100] {logging_mixin.py:190} INFO - [2024-12-13T18:06:38.314+0100] {override.py:1911} INFO - Created Permission View: can edit on DAG:example_bash_operator
[2024-12-13T18:06:38.333+0100] {logging_mixin.py:190} INFO - [2024-12-13T18:06:38.332+0100] {override.py:1911} INFO - Created Permission View: can read on DAG:example_bash_operator
[2024-12-13T18:06:38.374+0100] {logging_mixin.py:190} INFO - [2024-12-13T18:06:38.373+0100] {override.py:1911} INFO - Created Permission View: can delete on DAG Run:example_bash_operator
[2024-12-13T18:06:38.402+0100] {logging_mixin.py:190} INFO - [2024-12-13T18:06:38.402+0100] {override.py:1911} INFO - Created Permission View: can create on DAG Run:example_bash_operator
[2024-12-13T18:06:38.422+0100] {logging_mixin.py:190} INFO - [2024-12-13T18:06:38.421+0100] {override.py:1911} INFO - Created Permission View: can read on DAG Run:example_bash_operator
[2024-12-13T18:06:38.441+0100] {logging_mixin.py:190} INFO - [2024-12-13T18:06:38.440+0100] {override.py:1911} INFO - Created Permission View: menu access on DAG Run:example_bash_operator
[2024-12-13T18:06:38.441+0100] {logging_mixin.py:190} INFO - [2024-12-13T18:06:38.441+0100] {dag.py:3239} INFO - Sync 1 DAGs
[2024-12-13T18:06:38.451+0100] {logging_mixin.py:190} INFO - [2024-12-13T18:06:38.450+0100] {dag.py:3262} INFO - Creating ORM DAG for example_bash_operator
[2024-12-13T18:06:38.458+0100] {logging_mixin.py:190} INFO - [2024-12-13T18:06:38.458+0100] {dag.py:4180} INFO - Setting next_dagrun for example_bash_operator to 2024-12-12 00:00:00+00:00, run_after=2024-12-13 00:00:00+00:00
[2024-12-13T18:06:38.501+0100] {processor.py:208} INFO - Processing /home/adminabhi/gitrepo/usa_customer_shopping_trends/src/dags/example_bash_operator.py took 0.374 seconds
[2024-12-13T18:07:08.640+0100] {processor.py:186} INFO - Started process (PID=46837) to work on /home/adminabhi/gitrepo/usa_customer_shopping_trends/src/dags/example_bash_operator.py
[2024-12-13T18:07:08.642+0100] {processor.py:914} INFO - Processing file /home/adminabhi/gitrepo/usa_customer_shopping_trends/src/dags/example_bash_operator.py for tasks to queue
[2024-12-13T18:07:08.644+0100] {logging_mixin.py:190} INFO - [2024-12-13T18:07:08.643+0100] {dagbag.py:588} INFO - Filling up the DagBag from /home/adminabhi/gitrepo/usa_customer_shopping_trends/src/dags/example_bash_operator.py
[2024-12-13T18:07:08.656+0100] {processor.py:925} INFO - DAG(s) 'example_bash_operator' retrieved from /home/adminabhi/gitrepo/usa_customer_shopping_trends/src/dags/example_bash_operator.py
[2024-12-13T18:07:08.677+0100] {logging_mixin.py:190} INFO - [2024-12-13T18:07:08.677+0100] {dag.py:3239} INFO - Sync 1 DAGs
[2024-12-13T18:07:08.693+0100] {logging_mixin.py:190} INFO - [2024-12-13T18:07:08.693+0100] {dag.py:4180} INFO - Setting next_dagrun for example_bash_operator to 2024-12-12 00:00:00+00:00, run_after=2024-12-13 00:00:00+00:00
[2024-12-13T18:07:08.724+0100] {processor.py:208} INFO - Processing /home/adminabhi/gitrepo/usa_customer_shopping_trends/src/dags/example_bash_operator.py took 0.088 seconds
[2024-12-13T18:07:38.847+0100] {processor.py:186} INFO - Started process (PID=46987) to work on /home/adminabhi/gitrepo/usa_customer_shopping_trends/src/dags/example_bash_operator.py
[2024-12-13T18:07:38.849+0100] {processor.py:914} INFO - Processing file /home/adminabhi/gitrepo/usa_customer_shopping_trends/src/dags/example_bash_operator.py for tasks to queue
[2024-12-13T18:07:38.851+0100] {logging_mixin.py:190} INFO - [2024-12-13T18:07:38.851+0100] {dagbag.py:588} INFO - Filling up the DagBag from /home/adminabhi/gitrepo/usa_customer_shopping_trends/src/dags/example_bash_operator.py
[2024-12-13T18:07:38.865+0100] {processor.py:925} INFO - DAG(s) 'example_bash_operator' retrieved from /home/adminabhi/gitrepo/usa_customer_shopping_trends/src/dags/example_bash_operator.py
[2024-12-13T18:07:38.888+0100] {logging_mixin.py:190} INFO - [2024-12-13T18:07:38.887+0100] {dag.py:3239} INFO - Sync 1 DAGs
[2024-12-13T18:07:38.905+0100] {logging_mixin.py:190} INFO - [2024-12-13T18:07:38.905+0100] {dag.py:4180} INFO - Setting next_dagrun for example_bash_operator to 2024-12-12 00:00:00+00:00, run_after=2024-12-13 00:00:00+00:00
[2024-12-13T18:07:38.935+0100] {processor.py:208} INFO - Processing /home/adminabhi/gitrepo/usa_customer_shopping_trends/src/dags/example_bash_operator.py took 0.093 seconds
[2024-12-13T18:08:09.052+0100] {processor.py:186} INFO - Started process (PID=47206) to work on /home/adminabhi/gitrepo/usa_customer_shopping_trends/src/dags/example_bash_operator.py
[2024-12-13T18:08:09.092+0100] {processor.py:914} INFO - Processing file /home/adminabhi/gitrepo/usa_customer_shopping_trends/src/dags/example_bash_operator.py for tasks to queue
[2024-12-13T18:08:09.093+0100] {logging_mixin.py:190} INFO - [2024-12-13T18:08:09.093+0100] {dagbag.py:588} INFO - Filling up the DagBag from /home/adminabhi/gitrepo/usa_customer_shopping_trends/src/dags/example_bash_operator.py
[2024-12-13T18:08:09.108+0100] {processor.py:925} INFO - DAG(s) 'example_bash_operator' retrieved from /home/adminabhi/gitrepo/usa_customer_shopping_trends/src/dags/example_bash_operator.py
[2024-12-13T18:08:09.131+0100] {logging_mixin.py:190} INFO - [2024-12-13T18:08:09.131+0100] {dag.py:3239} INFO - Sync 1 DAGs
[2024-12-13T18:08:09.149+0100] {logging_mixin.py:190} INFO - [2024-12-13T18:08:09.149+0100] {dag.py:4180} INFO - Setting next_dagrun for example_bash_operator to 2024-12-12 00:00:00+00:00, run_after=2024-12-13 00:00:00+00:00
[2024-12-13T18:08:09.181+0100] {processor.py:208} INFO - Processing /home/adminabhi/gitrepo/usa_customer_shopping_trends/src/dags/example_bash_operator.py took 0.133 seconds
