[2024-12-13T18:06:28.310+0100] {manager.py:483} INFO - Processing files using up to 1 processes at a time 
[2024-12-13T18:06:28.311+0100] {manager.py:484} INFO - Process each file at most once every 30 seconds
[2024-12-13T18:06:28.311+0100] {manager.py:485} INFO - Checking for new files in /home/adminabhi/gitrepo/usa_customer_shopping_trends/src/dags every 300 seconds
[2024-12-13T18:06:28.313+0100] {manager.py:821} INFO - Searching for files in /home/adminabhi/gitrepo/usa_customer_shopping_trends/src/dags
[2024-12-13T18:06:28.318+0100] {manager.py:824} INFO - There are 7 files in /home/adminabhi/gitrepo/usa_customer_shopping_trends/src/dags
[2024-12-13T18:06:29.686+0100] {manager.py:997} INFO - 
================================================================================
DAG File Processing Stats

File Path                                                                                                     PID    Runtime      # DAGs    # Errors  Last Runtime    Last Run               Last # of DB Queries
------------------------------------------------------------------------------------------------------------  -----  ---------  --------  ----------  --------------  -------------------  ----------------------
/home/adminabhi/gitrepo/usa_customer_shopping_trends/src/dags/example_python_operator.py                                               1           0  0.91s           2024-12-13T17:06:29                      43
/home/adminabhi/gitrepo/usa_customer_shopping_trends/src/dags/example_bash_operator.py                                                 0           0                                                            0
/home/adminabhi/gitrepo/usa_customer_shopping_trends/src/dags/subdags/subdag.py                                                        0           0                                                            0
/home/adminabhi/gitrepo/usa_customer_shopping_trends/src/dags/plugins/event_listener.py                                                0           0                                                            0
/home/adminabhi/gitrepo/usa_customer_shopping_trends/src/dags/plugins/workday.py                                                       0           0                                                            0
/home/adminabhi/gitrepo/usa_customer_shopping_trends/src/dags/plugins/decreasing_priority_weight_strategy.py                           0           0                                                            0
/home/adminabhi/gitrepo/usa_customer_shopping_trends/src/dags/plugins/listener_plugin.py                                               0           0                                                            0
================================================================================
[2024-12-13T18:07:00.256+0100] {manager.py:997} INFO - 
================================================================================
DAG File Processing Stats

File Path                                                                                                     PID    Runtime      # DAGs    # Errors  Last Runtime    Last Run               Last # of DB Queries
------------------------------------------------------------------------------------------------------------  -----  ---------  --------  ----------  --------------  -------------------  ----------------------
/home/adminabhi/gitrepo/usa_customer_shopping_trends/src/dags/example_bash_operator.py                                                 1           0  0.40s           2024-12-13T17:06:38                      45
/home/adminabhi/gitrepo/usa_customer_shopping_trends/src/dags/example_python_operator.py                                               1           0  0.20s           2024-12-13T17:07:00                      10
/home/adminabhi/gitrepo/usa_customer_shopping_trends/src/dags/plugins/workday.py                                                       0           0  0.10s           2024-12-13T17:06:34                       3
/home/adminabhi/gitrepo/usa_customer_shopping_trends/src/dags/subdags/subdag.py                                                        0           0  0.10s           2024-12-13T17:06:31                       3
/home/adminabhi/gitrepo/usa_customer_shopping_trends/src/dags/plugins/listener_plugin.py                                               0           0  0.10s           2024-12-13T17:06:37                       3
/home/adminabhi/gitrepo/usa_customer_shopping_trends/src/dags/plugins/event_listener.py                                                0           0  0.10s           2024-12-13T17:06:33                       3
/home/adminabhi/gitrepo/usa_customer_shopping_trends/src/dags/plugins/decreasing_priority_weight_strategy.py                           0           0  0.10s           2024-12-13T17:06:35                       3
================================================================================
[2024-12-13T18:07:30.639+0100] {manager.py:997} INFO - 
================================================================================
DAG File Processing Stats

File Path                                                                                                     PID    Runtime      # DAGs    # Errors  Last Runtime    Last Run               Last # of DB Queries
------------------------------------------------------------------------------------------------------------  -----  ---------  --------  ----------  --------------  -------------------  ----------------------
/home/adminabhi/gitrepo/usa_customer_shopping_trends/src/dags/example_python_operator.py                                               1           0  0.20s           2024-12-13T17:07:30                      10
/home/adminabhi/gitrepo/usa_customer_shopping_trends/src/dags/plugins/listener_plugin.py                                               0           0  0.10s           2024-12-13T17:07:07                       3
/home/adminabhi/gitrepo/usa_customer_shopping_trends/src/dags/subdags/subdag.py                                                        0           0  0.10s           2024-12-13T17:07:02                       3
/home/adminabhi/gitrepo/usa_customer_shopping_trends/src/dags/plugins/decreasing_priority_weight_strategy.py                           0           0  0.10s           2024-12-13T17:07:06                       3
/home/adminabhi/gitrepo/usa_customer_shopping_trends/src/dags/example_bash_operator.py                                                 1           0  0.10s           2024-12-13T17:07:08                      12
/home/adminabhi/gitrepo/usa_customer_shopping_trends/src/dags/plugins/event_listener.py                                                0           0  0.10s           2024-12-13T17:07:03                       3
/home/adminabhi/gitrepo/usa_customer_shopping_trends/src/dags/plugins/workday.py                                                       0           0  0.10s           2024-12-13T17:07:05                       3
================================================================================
[2024-12-13T18:08:01.201+0100] {manager.py:997} INFO - 
================================================================================
DAG File Processing Stats

File Path                                                                                                     PID    Runtime      # DAGs    # Errors  Last Runtime    Last Run               Last # of DB Queries
------------------------------------------------------------------------------------------------------------  -----  ---------  --------  ----------  --------------  -------------------  ----------------------
/home/adminabhi/gitrepo/usa_customer_shopping_trends/src/dags/example_python_operator.py                                               1           0  0.20s           2024-12-13T17:08:01                      10
/home/adminabhi/gitrepo/usa_customer_shopping_trends/src/dags/subdags/subdag.py                                                        0           0  0.10s           2024-12-13T17:07:32                       3
/home/adminabhi/gitrepo/usa_customer_shopping_trends/src/dags/plugins/decreasing_priority_weight_strategy.py                           0           0  0.10s           2024-12-13T17:07:36                       3
/home/adminabhi/gitrepo/usa_customer_shopping_trends/src/dags/plugins/listener_plugin.py                                               0           0  0.10s           2024-12-13T17:07:37                       3
/home/adminabhi/gitrepo/usa_customer_shopping_trends/src/dags/plugins/event_listener.py                                                0           0  0.10s           2024-12-13T17:07:33                       3
/home/adminabhi/gitrepo/usa_customer_shopping_trends/src/dags/plugins/workday.py                                                       0           0  0.10s           2024-12-13T17:07:35                       3
/home/adminabhi/gitrepo/usa_customer_shopping_trends/src/dags/example_bash_operator.py                                                 1           0  0.10s           2024-12-13T17:07:38                      12
================================================================================
[2024-12-13T18:08:31.576+0100] {manager.py:997} INFO - 
================================================================================
DAG File Processing Stats

File Path                                                                                                     PID    Runtime      # DAGs    # Errors  Last Runtime    Last Run               Last # of DB Queries
------------------------------------------------------------------------------------------------------------  -----  ---------  --------  ----------  --------------  -------------------  ----------------------
/home/adminabhi/gitrepo/usa_customer_shopping_trends/src/dags/example_python_operator.py                                               1           0  0.20s           2024-12-13T17:08:31                      10
/home/adminabhi/gitrepo/usa_customer_shopping_trends/src/dags/example_bash_operator.py                                                 1           0  0.20s           2024-12-13T17:08:09                      12
/home/adminabhi/gitrepo/usa_customer_shopping_trends/src/dags/plugins/listener_plugin.py                                               0           0  0.10s           2024-12-13T17:08:08                       3
/home/adminabhi/gitrepo/usa_customer_shopping_trends/src/dags/subdags/subdag.py                                                        0           0  0.10s           2024-12-13T17:08:03                       3
/home/adminabhi/gitrepo/usa_customer_shopping_trends/src/dags/plugins/decreasing_priority_weight_strategy.py                           0           0  0.10s           2024-12-13T17:08:07                       3
/home/adminabhi/gitrepo/usa_customer_shopping_trends/src/dags/plugins/event_listener.py                                                0           0  0.10s           2024-12-13T17:08:04                       3
/home/adminabhi/gitrepo/usa_customer_shopping_trends/src/dags/plugins/workday.py                                                       0           0  0.10s           2024-12-13T17:08:06                       3
================================================================================
[2024-12-13T18:09:02.076+0100] {manager.py:997} INFO - 
================================================================================
DAG File Processing Stats

File Path                                                                                                     PID    Runtime      # DAGs    # Errors  Last Runtime    Last Run               Last # of DB Queries
------------------------------------------------------------------------------------------------------------  -----  ---------  --------  ----------  --------------  -------------------  ----------------------
/home/adminabhi/gitrepo/usa_customer_shopping_trends/src/dags/example_python_operator.py                                               1           0  0.20s           2024-12-13T17:09:02                      10
/home/adminabhi/gitrepo/usa_customer_shopping_trends/src/dags/example_bash_operator.py                                                 1           0  0.20s           2024-12-13T17:08:39                      12
/home/adminabhi/gitrepo/usa_customer_shopping_trends/src/dags/plugins/listener_plugin.py                                               0           0  0.10s           2024-12-13T17:08:38                       3
/home/adminabhi/gitrepo/usa_customer_shopping_trends/src/dags/plugins/decreasing_priority_weight_strategy.py                           0           0  0.10s           2024-12-13T17:08:37                       3
/home/adminabhi/gitrepo/usa_customer_shopping_trends/src/dags/plugins/workday.py                                                       0           0  0.10s           2024-12-13T17:08:36                       3
/home/adminabhi/gitrepo/usa_customer_shopping_trends/src/dags/plugins/event_listener.py                                                0           0  0.10s           2024-12-13T17:08:34                       3
/home/adminabhi/gitrepo/usa_customer_shopping_trends/src/dags/subdags/subdag.py                                                        0           0  0.10s           2024-12-13T17:08:33                       3
================================================================================
[2024-12-13T18:09:33.275+0100] {manager.py:997} INFO - 
================================================================================
DAG File Processing Stats

File Path                                                                                                     PID    Runtime      # DAGs    # Errors  Last Runtime    Last Run               Last # of DB Queries
------------------------------------------------------------------------------------------------------------  -----  ---------  --------  ----------  --------------  -------------------  ----------------------
/home/adminabhi/gitrepo/usa_customer_shopping_trends/src/dags/example_python_operator.py                                               1           0  0.20s           2024-12-13T17:09:33                      10
/home/adminabhi/gitrepo/usa_customer_shopping_trends/src/dags/example_bash_operator.py                                                 1           0  0.20s           2024-12-13T17:09:10                      12
/home/adminabhi/gitrepo/usa_customer_shopping_trends/src/dags/plugins/event_listener.py                                                0           0  0.10s           2024-12-13T17:09:05                       3
/home/adminabhi/gitrepo/usa_customer_shopping_trends/src/dags/plugins/decreasing_priority_weight_strategy.py                           0           0  0.10s           2024-12-13T17:09:08                       3
/home/adminabhi/gitrepo/usa_customer_shopping_trends/src/dags/plugins/listener_plugin.py                                               0           0  0.10s           2024-12-13T17:09:10                       3
/home/adminabhi/gitrepo/usa_customer_shopping_trends/src/dags/subdags/subdag.py                                                        0           0  0.10s           2024-12-13T17:09:04                       3
/home/adminabhi/gitrepo/usa_customer_shopping_trends/src/dags/plugins/workday.py                                                       0           0  0.10s           2024-12-13T17:09:07                       3
================================================================================
