[0m13:04:50.818169 [debug] [MainThread]: Sending event: {'category': 'dbt', 'action': 'invocation', 'label': 'start', 'context': [<snowplow_tracker.self_describing_json.SelfDescribingJson object at 0x7fd8c8862c80>, <snowplow_tracker.self_describing_json.SelfDescribingJson object at 0x7fd8c7756b00>, <snowplow_tracker.self_describing_json.SelfDescribingJson object at 0x7fd8c7756470>]}


============================== 13:04:50.824093 | dc46620a-3a1a-4fec-a433-6f776c351d50 ==============================
[0m13:04:50.824093 [info ] [MainThread]: Running with dbt=1.9.1
[0m13:04:50.824667 [debug] [MainThread]: running dbt with arguments {'printer_width': '80', 'indirect_selection': 'eager', 'write_json': 'True', 'log_cache_events': 'False', 'partial_parse': 'True', 'cache_selected_only': 'False', 'warn_error': 'None', 'version_check': 'True', 'debug': 'False', 'log_path': 'logs', 'profiles_dir': '/root/.dbt', 'fail_fast': 'False', 'use_colors': 'True', 'use_experimental_parser': 'False', 'no_print': 'None', 'quiet': 'False', 'empty': 'None', 'warn_error_options': 'WarnErrorOptions(include=[], exclude=[])', 'introspect': 'True', 'log_format': 'default', 'static_parser': 'True', 'target_path': 'None', 'invocation_command': 'dbt init', 'send_anonymous_usage_stats': 'True'}
[0m13:07:01.362090 [debug] [MainThread]: Starter project path: /root/.cache/pypoetry/virtualenvs/usa-customer-shopping-trends-CjWdkvgt-py3.10/lib/python3.10/site-packages/dbt/include/starter_project
[0m13:07:01.382022 [info ] [MainThread]: 
Your new dbt project "dbt_src" was created!

For more information on how to configure the profiles.yml file,
please consult the dbt documentation here:

  https://docs.getdbt.com/docs/configure-your-profile

One more thing:

Need help? Don't hesitate to reach out to us via GitHub issues or on Slack:

  https://community.getdbt.com/

Happy modeling!

[0m13:07:01.382877 [info ] [MainThread]: Setting up your profile.
[0m13:12:40.882942 [info ] [MainThread]: Profile dbt_src written to /root/.dbt/profiles.yml using target's profile_template.yml and your supplied values. Run 'dbt debug' to validate the connection.
[0m13:12:40.887488 [debug] [MainThread]: Resource report: {"command_name": "init", "command_success": true, "command_wall_clock_time": 479.90417, "process_in_blocks": "226008", "process_kernel_time": 1.114925, "process_mem_max_rss": "220548", "process_out_blocks": "88", "process_user_time": 2.027775}
[0m13:12:40.888358 [debug] [MainThread]: Command `dbt init` succeeded at 13:12:40.888231 after 479.91 seconds
[0m13:12:40.888872 [debug] [MainThread]: Sending event: {'category': 'dbt', 'action': 'invocation', 'label': 'end', 'context': [<snowplow_tracker.self_describing_json.SelfDescribingJson object at 0x7fd8c8862c80>, <snowplow_tracker.self_describing_json.SelfDescribingJson object at 0x7fd8a86092d0>, <snowplow_tracker.self_describing_json.SelfDescribingJson object at 0x7fd8c77eb6d0>]}
[0m13:12:40.889443 [debug] [MainThread]: Flushing usage events
[0m13:12:41.662141 [debug] [MainThread]: An error was encountered while trying to flush usage events
[0m13:13:01.442803 [debug] [MainThread]: Sending event: {'category': 'dbt', 'action': 'invocation', 'label': 'start', 'context': [<snowplow_tracker.self_describing_json.SelfDescribingJson object at 0x7fe34badacb0>, <snowplow_tracker.self_describing_json.SelfDescribingJson object at 0x7fe34a9ce8f0>, <snowplow_tracker.self_describing_json.SelfDescribingJson object at 0x7fe34a9cfd30>]}


============================== 13:13:01.448148 | f79f0a2a-7ea1-4758-a4bc-dd4ca2132769 ==============================
[0m13:13:01.448148 [info ] [MainThread]: Running with dbt=1.9.1
[0m13:13:01.448764 [debug] [MainThread]: running dbt with arguments {'printer_width': '80', 'indirect_selection': 'eager', 'log_cache_events': 'False', 'write_json': 'True', 'partial_parse': 'True', 'cache_selected_only': 'False', 'profiles_dir': '/root/.dbt', 'debug': 'False', 'warn_error': 'None', 'log_path': 'logs', 'version_check': 'True', 'fail_fast': 'False', 'use_colors': 'True', 'use_experimental_parser': 'False', 'empty': 'None', 'quiet': 'False', 'no_print': 'None', 'log_format': 'default', 'static_parser': 'True', 'invocation_command': 'dbt debug', 'warn_error_options': 'WarnErrorOptions(include=[], exclude=[])', 'target_path': 'None', 'introspect': 'True', 'send_anonymous_usage_stats': 'True'}
[0m13:13:01.476681 [info ] [MainThread]: dbt version: 1.9.1
[0m13:13:01.477228 [info ] [MainThread]: python version: 3.10.12
[0m13:13:01.477628 [info ] [MainThread]: python path: /root/.cache/pypoetry/virtualenvs/usa-customer-shopping-trends-CjWdkvgt-py3.10/bin/python
[0m13:13:01.478024 [info ] [MainThread]: os info: Linux-5.15.167.4-microsoft-standard-WSL2-x86_64-with-glibc2.35
[0m13:13:02.723524 [info ] [MainThread]: Using profiles dir at /root/.dbt
[0m13:13:02.724144 [info ] [MainThread]: Using profiles.yml file at /root/.dbt/profiles.yml
[0m13:13:02.724515 [info ] [MainThread]: Using dbt_project.yml file at /home/adminabhi/gitrepo/usa_customer_shopping_trends/src/dbt_project.yml
[0m13:13:02.724929 [info ] [MainThread]: adapter type: bigquery
[0m13:13:02.725365 [info ] [MainThread]: adapter version: 1.9.0
[0m13:13:02.725796 [info ] [MainThread]: Configuration:
[0m13:13:02.726205 [info ] [MainThread]:   profiles.yml file [[32mOK found and valid[0m]
[0m13:13:02.726607 [info ] [MainThread]:   dbt_project.yml file [[31mERROR not found[0m]
[0m13:13:02.727094 [info ] [MainThread]: Required dependencies:
[0m13:13:02.727525 [debug] [MainThread]: Executing "git --help"
[0m13:13:02.730968 [debug] [MainThread]: STDOUT: "b"usage: git [--version] [--help] [-C <path>] [-c <name>=<value>]\n           [--exec-path[=<path>]] [--html-path] [--man-path] [--info-path]\n           [-p | --paginate | -P | --no-pager] [--no-replace-objects] [--bare]\n           [--git-dir=<path>] [--work-tree=<path>] [--namespace=<name>]\n           [--super-prefix=<path>] [--config-env=<name>=<envvar>]\n           <command> [<args>]\n\nThese are common Git commands used in various situations:\n\nstart a working area (see also: git help tutorial)\n   clone     Clone a repository into a new directory\n   init      Create an empty Git repository or reinitialize an existing one\n\nwork on the current change (see also: git help everyday)\n   add       Add file contents to the index\n   mv        Move or rename a file, a directory, or a symlink\n   restore   Restore working tree files\n   rm        Remove files from the working tree and from the index\n\nexamine the history and state (see also: git help revisions)\n   bisect    Use binary search to find the commit that introduced a bug\n   diff      Show changes between commits, commit and working tree, etc\n   grep      Print lines matching a pattern\n   log       Show commit logs\n   show      Show various types of objects\n   status    Show the working tree status\n\ngrow, mark and tweak your common history\n   branch    List, create, or delete branches\n   commit    Record changes to the repository\n   merge     Join two or more development histories together\n   rebase    Reapply commits on top of another base tip\n   reset     Reset current HEAD to the specified state\n   switch    Switch branches\n   tag       Create, list, delete or verify a tag object signed with GPG\n\ncollaborate (see also: git help workflows)\n   fetch     Download objects and refs from another repository\n   pull      Fetch from and integrate with another repository or a local branch\n   push      Update remote refs along with associated objects\n\n'git help -a' and 'git help -g' list available subcommands and some\nconcept guides. See 'git help <command>' or 'git help <concept>'\nto read about a specific subcommand or concept.\nSee 'git help git' for an overview of the system.\n""
[0m13:13:02.731693 [debug] [MainThread]: STDERR: "b''"
[0m13:13:02.732116 [info ] [MainThread]:  - git [[32mOK found[0m]

[0m13:13:02.732641 [info ] [MainThread]: Connection:
[0m13:13:02.733224 [info ] [MainThread]:   method: service-account
[0m13:13:02.733866 [info ] [MainThread]:   database: usa-customer-shopping-trends
[0m13:13:02.734397 [info ] [MainThread]:   execution_project: usa-customer-shopping-trends
[0m13:13:02.734990 [info ] [MainThread]:   schema: sales
[0m13:13:02.735604 [info ] [MainThread]:   location: EU
[0m13:13:02.736171 [info ] [MainThread]:   priority: interactive
[0m13:13:02.736726 [info ] [MainThread]:   maximum_bytes_billed: None
[0m13:13:02.737266 [info ] [MainThread]:   impersonate_service_account: None
[0m13:13:02.737855 [info ] [MainThread]:   job_retry_deadline_seconds: None
[0m13:13:02.738436 [info ] [MainThread]:   job_retries: 1
[0m13:13:02.739034 [info ] [MainThread]:   job_creation_timeout_seconds: None
[0m13:13:02.739673 [info ] [MainThread]:   job_execution_timeout_seconds: 300
[0m13:13:02.740188 [info ] [MainThread]:   timeout_seconds: 300
[0m13:13:02.740762 [info ] [MainThread]:   client_id: None
[0m13:13:02.742117 [info ] [MainThread]:   token_uri: None
[0m13:13:02.742860 [info ] [MainThread]:   dataproc_region: None
[0m13:13:02.743397 [info ] [MainThread]:   dataproc_cluster_name: None
[0m13:13:02.743912 [info ] [MainThread]:   gcs_bucket: None
[0m13:13:02.744403 [info ] [MainThread]:   dataproc_batch: None
[0m13:13:02.745223 [info ] [MainThread]: Registered adapter: bigquery=1.9.0
[0m13:13:02.853045 [debug] [MainThread]: Acquiring new bigquery connection 'debug'
[0m13:13:02.853550 [debug] [MainThread]: On debug: select 1 as id
[0m13:13:02.854033 [debug] [MainThread]: Opening a new connection, currently in state init
[0m13:13:05.539272 [debug] [MainThread]: BigQuery adapter: https://console.cloud.google.com/bigquery?project=usa-customer-shopping-trends&j=bq:EU:2f546b8d-16ec-4384-b3b8-f0e94a8995e9&page=queryresults
[0m13:13:06.088104 [info ] [MainThread]:   Connection test: [[32mOK connection ok[0m]

[0m13:13:06.088905 [info ] [MainThread]: [31m1 check failed:[0m
[0m13:13:06.089211 [info ] [MainThread]: Project loading failed for the following reason:
 project path </home/adminabhi/gitrepo/usa_customer_shopping_trends/src/dbt_project.yml> not found

[0m13:13:06.090231 [debug] [MainThread]: Resource report: {"command_name": "debug", "command_success": false, "command_wall_clock_time": 4.697771, "process_in_blocks": "95288", "process_kernel_time": 1.089185, "process_mem_max_rss": "227864", "process_out_blocks": "88", "process_user_time": 2.248965}
[0m13:13:06.090833 [debug] [MainThread]: Command `dbt debug` failed at 13:13:06.090734 after 4.70 seconds
[0m13:13:06.091192 [debug] [MainThread]: Connection 'debug' was properly closed.
[0m13:13:06.091585 [debug] [MainThread]: Sending event: {'category': 'dbt', 'action': 'invocation', 'label': 'end', 'context': [<snowplow_tracker.self_describing_json.SelfDescribingJson object at 0x7fe34badacb0>, <snowplow_tracker.self_describing_json.SelfDescribingJson object at 0x7fe3276b6350>, <snowplow_tracker.self_describing_json.SelfDescribingJson object at 0x7fe3274ea4a0>]}
[0m13:13:06.091996 [debug] [MainThread]: Flushing usage events
[0m13:13:06.912447 [debug] [MainThread]: An error was encountered while trying to flush usage events
