[2024-12-13T18:06:31.672+0100] {processor.py:186} INFO - Started process (PID=46705) to work on /home/adminabhi/gitrepo/usa_customer_shopping_trends/src/dags/subdags/subdag.py
[2024-12-13T18:06:31.673+0100] {processor.py:914} INFO - Processing file /home/adminabhi/gitrepo/usa_customer_shopping_trends/src/dags/subdags/subdag.py for tasks to queue
[2024-12-13T18:06:31.675+0100] {logging_mixin.py:190} INFO - [2024-12-13T18:06:31.675+0100] {dagbag.py:588} INFO - Filling up the DagBag from /home/adminabhi/gitrepo/usa_customer_shopping_trends/src/dags/subdags/subdag.py
[2024-12-13T18:06:31.678+0100] {processor.py:927} WARNING - No viable dags retrieved from /home/adminabhi/gitrepo/usa_customer_shopping_trends/src/dags/subdags/subdag.py
[2024-12-13T18:06:31.742+0100] {processor.py:208} INFO - Processing /home/adminabhi/gitrepo/usa_customer_shopping_trends/src/dags/subdags/subdag.py took 0.076 seconds
[2024-12-13T18:07:02.351+0100] {processor.py:186} INFO - Started process (PID=46810) to work on /home/adminabhi/gitrepo/usa_customer_shopping_trends/src/dags/subdags/subdag.py
[2024-12-13T18:07:02.357+0100] {processor.py:914} INFO - Processing file /home/adminabhi/gitrepo/usa_customer_shopping_trends/src/dags/subdags/subdag.py for tasks to queue
[2024-12-13T18:07:02.360+0100] {logging_mixin.py:190} INFO - [2024-12-13T18:07:02.359+0100] {dagbag.py:588} INFO - Filling up the DagBag from /home/adminabhi/gitrepo/usa_customer_shopping_trends/src/dags/subdags/subdag.py
[2024-12-13T18:07:02.361+0100] {processor.py:927} WARNING - No viable dags retrieved from /home/adminabhi/gitrepo/usa_customer_shopping_trends/src/dags/subdags/subdag.py
[2024-12-13T18:07:02.371+0100] {processor.py:208} INFO - Processing /home/adminabhi/gitrepo/usa_customer_shopping_trends/src/dags/subdags/subdag.py took 0.025 seconds
[2024-12-13T18:07:32.713+0100] {processor.py:186} INFO - Started process (PID=46960) to work on /home/adminabhi/gitrepo/usa_customer_shopping_trends/src/dags/subdags/subdag.py
[2024-12-13T18:07:32.751+0100] {processor.py:914} INFO - Processing file /home/adminabhi/gitrepo/usa_customer_shopping_trends/src/dags/subdags/subdag.py for tasks to queue
[2024-12-13T18:07:32.753+0100] {logging_mixin.py:190} INFO - [2024-12-13T18:07:32.753+0100] {dagbag.py:588} INFO - Filling up the DagBag from /home/adminabhi/gitrepo/usa_customer_shopping_trends/src/dags/subdags/subdag.py
[2024-12-13T18:07:32.755+0100] {processor.py:927} WARNING - No viable dags retrieved from /home/adminabhi/gitrepo/usa_customer_shopping_trends/src/dags/subdags/subdag.py
[2024-12-13T18:07:32.762+0100] {processor.py:208} INFO - Processing /home/adminabhi/gitrepo/usa_customer_shopping_trends/src/dags/subdags/subdag.py took 0.054 seconds
[2024-12-13T18:08:03.281+0100] {processor.py:186} INFO - Started process (PID=47130) to work on /home/adminabhi/gitrepo/usa_customer_shopping_trends/src/dags/subdags/subdag.py
[2024-12-13T18:08:03.282+0100] {processor.py:914} INFO - Processing file /home/adminabhi/gitrepo/usa_customer_shopping_trends/src/dags/subdags/subdag.py for tasks to queue
[2024-12-13T18:08:03.284+0100] {logging_mixin.py:190} INFO - [2024-12-13T18:08:03.284+0100] {dagbag.py:588} INFO - Filling up the DagBag from /home/adminabhi/gitrepo/usa_customer_shopping_trends/src/dags/subdags/subdag.py
[2024-12-13T18:08:03.286+0100] {processor.py:927} WARNING - No viable dags retrieved from /home/adminabhi/gitrepo/usa_customer_shopping_trends/src/dags/subdags/subdag.py
[2024-12-13T18:08:03.294+0100] {processor.py:208} INFO - Processing /home/adminabhi/gitrepo/usa_customer_shopping_trends/src/dags/subdags/subdag.py took 0.018 seconds
[2024-12-13T18:08:33.647+0100] {processor.py:186} INFO - Started process (PID=47291) to work on /home/adminabhi/gitrepo/usa_customer_shopping_trends/src/dags/subdags/subdag.py
[2024-12-13T18:08:33.702+0100] {processor.py:914} INFO - Processing file /home/adminabhi/gitrepo/usa_customer_shopping_trends/src/dags/subdags/subdag.py for tasks to queue
[2024-12-13T18:08:33.704+0100] {logging_mixin.py:190} INFO - [2024-12-13T18:08:33.704+0100] {dagbag.py:588} INFO - Filling up the DagBag from /home/adminabhi/gitrepo/usa_customer_shopping_trends/src/dags/subdags/subdag.py
[2024-12-13T18:08:33.705+0100] {processor.py:927} WARNING - No viable dags retrieved from /home/adminabhi/gitrepo/usa_customer_shopping_trends/src/dags/subdags/subdag.py
[2024-12-13T18:08:33.714+0100] {processor.py:208} INFO - Processing /home/adminabhi/gitrepo/usa_customer_shopping_trends/src/dags/subdags/subdag.py took 0.072 seconds
[2024-12-13T18:09:04.150+0100] {processor.py:186} INFO - Started process (PID=47459) to work on /home/adminabhi/gitrepo/usa_customer_shopping_trends/src/dags/subdags/subdag.py
[2024-12-13T18:09:04.209+0100] {processor.py:914} INFO - Processing file /home/adminabhi/gitrepo/usa_customer_shopping_trends/src/dags/subdags/subdag.py for tasks to queue
[2024-12-13T18:09:04.211+0100] {logging_mixin.py:190} INFO - [2024-12-13T18:09:04.211+0100] {dagbag.py:588} INFO - Filling up the DagBag from /home/adminabhi/gitrepo/usa_customer_shopping_trends/src/dags/subdags/subdag.py
[2024-12-13T18:09:04.213+0100] {processor.py:927} WARNING - No viable dags retrieved from /home/adminabhi/gitrepo/usa_customer_shopping_trends/src/dags/subdags/subdag.py
[2024-12-13T18:09:04.220+0100] {processor.py:208} INFO - Processing /home/adminabhi/gitrepo/usa_customer_shopping_trends/src/dags/subdags/subdag.py took 0.074 seconds
