[2024-12-13T18:06:35.860+0100] {processor.py:186} INFO - Started process (PID=46725) to work on /home/adminabhi/gitrepo/usa_customer_shopping_trends/src/dags/plugins/decreasing_priority_weight_strategy.py
[2024-12-13T18:06:35.860+0100] {processor.py:914} INFO - Processing file /home/adminabhi/gitrepo/usa_customer_shopping_trends/src/dags/plugins/decreasing_priority_weight_strategy.py for tasks to queue
[2024-12-13T18:06:35.862+0100] {logging_mixin.py:190} INFO - [2024-12-13T18:06:35.861+0100] {dagbag.py:588} INFO - Filling up the DagBag from /home/adminabhi/gitrepo/usa_customer_shopping_trends/src/dags/plugins/decreasing_priority_weight_strategy.py
[2024-12-13T18:06:35.863+0100] {processor.py:927} WARNING - No viable dags retrieved from /home/adminabhi/gitrepo/usa_customer_shopping_trends/src/dags/plugins/decreasing_priority_weight_strategy.py
[2024-12-13T18:06:35.872+0100] {processor.py:208} INFO - Processing /home/adminabhi/gitrepo/usa_customer_shopping_trends/src/dags/plugins/decreasing_priority_weight_strategy.py took 0.017 seconds
[2024-12-13T18:07:06.249+0100] {processor.py:186} INFO - Started process (PID=46825) to work on /home/adminabhi/gitrepo/usa_customer_shopping_trends/src/dags/plugins/decreasing_priority_weight_strategy.py
[2024-12-13T18:07:06.250+0100] {processor.py:914} INFO - Processing file /home/adminabhi/gitrepo/usa_customer_shopping_trends/src/dags/plugins/decreasing_priority_weight_strategy.py for tasks to queue
[2024-12-13T18:07:06.252+0100] {logging_mixin.py:190} INFO - [2024-12-13T18:07:06.252+0100] {dagbag.py:588} INFO - Filling up the DagBag from /home/adminabhi/gitrepo/usa_customer_shopping_trends/src/dags/plugins/decreasing_priority_weight_strategy.py
[2024-12-13T18:07:06.254+0100] {processor.py:927} WARNING - No viable dags retrieved from /home/adminabhi/gitrepo/usa_customer_shopping_trends/src/dags/plugins/decreasing_priority_weight_strategy.py
[2024-12-13T18:07:06.261+0100] {processor.py:208} INFO - Processing /home/adminabhi/gitrepo/usa_customer_shopping_trends/src/dags/plugins/decreasing_priority_weight_strategy.py took 0.017 seconds
[2024-12-13T18:07:36.693+0100] {processor.py:186} INFO - Started process (PID=46975) to work on /home/adminabhi/gitrepo/usa_customer_shopping_trends/src/dags/plugins/decreasing_priority_weight_strategy.py
[2024-12-13T18:07:36.695+0100] {processor.py:914} INFO - Processing file /home/adminabhi/gitrepo/usa_customer_shopping_trends/src/dags/plugins/decreasing_priority_weight_strategy.py for tasks to queue
[2024-12-13T18:07:36.697+0100] {logging_mixin.py:190} INFO - [2024-12-13T18:07:36.697+0100] {dagbag.py:588} INFO - Filling up the DagBag from /home/adminabhi/gitrepo/usa_customer_shopping_trends/src/dags/plugins/decreasing_priority_weight_strategy.py
[2024-12-13T18:07:36.700+0100] {processor.py:927} WARNING - No viable dags retrieved from /home/adminabhi/gitrepo/usa_customer_shopping_trends/src/dags/plugins/decreasing_priority_weight_strategy.py
[2024-12-13T18:07:36.709+0100] {processor.py:208} INFO - Processing /home/adminabhi/gitrepo/usa_customer_shopping_trends/src/dags/plugins/decreasing_priority_weight_strategy.py took 0.021 seconds
[2024-12-13T18:08:07.205+0100] {processor.py:186} INFO - Started process (PID=47197) to work on /home/adminabhi/gitrepo/usa_customer_shopping_trends/src/dags/plugins/decreasing_priority_weight_strategy.py
[2024-12-13T18:08:07.262+0100] {processor.py:914} INFO - Processing file /home/adminabhi/gitrepo/usa_customer_shopping_trends/src/dags/plugins/decreasing_priority_weight_strategy.py for tasks to queue
[2024-12-13T18:08:07.264+0100] {logging_mixin.py:190} INFO - [2024-12-13T18:08:07.264+0100] {dagbag.py:588} INFO - Filling up the DagBag from /home/adminabhi/gitrepo/usa_customer_shopping_trends/src/dags/plugins/decreasing_priority_weight_strategy.py
[2024-12-13T18:08:07.266+0100] {processor.py:927} WARNING - No viable dags retrieved from /home/adminabhi/gitrepo/usa_customer_shopping_trends/src/dags/plugins/decreasing_priority_weight_strategy.py
[2024-12-13T18:08:07.276+0100] {processor.py:208} INFO - Processing /home/adminabhi/gitrepo/usa_customer_shopping_trends/src/dags/plugins/decreasing_priority_weight_strategy.py took 0.076 seconds
[2024-12-13T18:08:37.609+0100] {processor.py:186} INFO - Started process (PID=47322) to work on /home/adminabhi/gitrepo/usa_customer_shopping_trends/src/dags/plugins/decreasing_priority_weight_strategy.py
[2024-12-13T18:08:37.611+0100] {processor.py:914} INFO - Processing file /home/adminabhi/gitrepo/usa_customer_shopping_trends/src/dags/plugins/decreasing_priority_weight_strategy.py for tasks to queue
[2024-12-13T18:08:37.612+0100] {logging_mixin.py:190} INFO - [2024-12-13T18:08:37.612+0100] {dagbag.py:588} INFO - Filling up the DagBag from /home/adminabhi/gitrepo/usa_customer_shopping_trends/src/dags/plugins/decreasing_priority_weight_strategy.py
[2024-12-13T18:08:37.614+0100] {processor.py:927} WARNING - No viable dags retrieved from /home/adminabhi/gitrepo/usa_customer_shopping_trends/src/dags/plugins/decreasing_priority_weight_strategy.py
[2024-12-13T18:08:37.623+0100] {processor.py:208} INFO - Processing /home/adminabhi/gitrepo/usa_customer_shopping_trends/src/dags/plugins/decreasing_priority_weight_strategy.py took 0.020 seconds
