[2024-12-13T18:06:34.724+0100] {processor.py:186} INFO - Started process (PID=46718) to work on /home/adminabhi/gitrepo/usa_customer_shopping_trends/src/dags/plugins/workday.py
[2024-12-13T18:06:34.725+0100] {processor.py:914} INFO - Processing file /home/adminabhi/gitrepo/usa_customer_shopping_trends/src/dags/plugins/workday.py for tasks to queue
[2024-12-13T18:06:34.727+0100] {logging_mixin.py:190} INFO - [2024-12-13T18:06:34.727+0100] {dagbag.py:588} INFO - Filling up the DagBag from /home/adminabhi/gitrepo/usa_customer_shopping_trends/src/dags/plugins/workday.py
[2024-12-13T18:06:34.731+0100] {logging_mixin.py:190} INFO - [2024-12-13T18:06:34.730+0100] {workday.py:41} WARNING - Could not import pandas. Holidays will not be considered.
[2024-12-13T18:06:34.731+0100] {processor.py:927} WARNING - No viable dags retrieved from /home/adminabhi/gitrepo/usa_customer_shopping_trends/src/dags/plugins/workday.py
[2024-12-13T18:06:34.744+0100] {processor.py:208} INFO - Processing /home/adminabhi/gitrepo/usa_customer_shopping_trends/src/dags/plugins/workday.py took 0.026 seconds
[2024-12-13T18:07:05.111+0100] {processor.py:186} INFO - Started process (PID=46824) to work on /home/adminabhi/gitrepo/usa_customer_shopping_trends/src/dags/plugins/workday.py
[2024-12-13T18:07:05.138+0100] {processor.py:914} INFO - Processing file /home/adminabhi/gitrepo/usa_customer_shopping_trends/src/dags/plugins/workday.py for tasks to queue
[2024-12-13T18:07:05.141+0100] {logging_mixin.py:190} INFO - [2024-12-13T18:07:05.140+0100] {dagbag.py:588} INFO - Filling up the DagBag from /home/adminabhi/gitrepo/usa_customer_shopping_trends/src/dags/plugins/workday.py
[2024-12-13T18:07:05.143+0100] {logging_mixin.py:190} INFO - [2024-12-13T18:07:05.143+0100] {workday.py:41} WARNING - Could not import pandas. Holidays will not be considered.
[2024-12-13T18:07:05.144+0100] {processor.py:927} WARNING - No viable dags retrieved from /home/adminabhi/gitrepo/usa_customer_shopping_trends/src/dags/plugins/workday.py
[2024-12-13T18:07:05.151+0100] {processor.py:208} INFO - Processing /home/adminabhi/gitrepo/usa_customer_shopping_trends/src/dags/plugins/workday.py took 0.045 seconds
[2024-12-13T18:07:35.552+0100] {processor.py:186} INFO - Started process (PID=46968) to work on /home/adminabhi/gitrepo/usa_customer_shopping_trends/src/dags/plugins/workday.py
[2024-12-13T18:07:35.608+0100] {processor.py:914} INFO - Processing file /home/adminabhi/gitrepo/usa_customer_shopping_trends/src/dags/plugins/workday.py for tasks to queue
[2024-12-13T18:07:35.610+0100] {logging_mixin.py:190} INFO - [2024-12-13T18:07:35.609+0100] {dagbag.py:588} INFO - Filling up the DagBag from /home/adminabhi/gitrepo/usa_customer_shopping_trends/src/dags/plugins/workday.py
[2024-12-13T18:07:35.612+0100] {logging_mixin.py:190} INFO - [2024-12-13T18:07:35.612+0100] {workday.py:41} WARNING - Could not import pandas. Holidays will not be considered.
[2024-12-13T18:07:35.612+0100] {processor.py:927} WARNING - No viable dags retrieved from /home/adminabhi/gitrepo/usa_customer_shopping_trends/src/dags/plugins/workday.py
[2024-12-13T18:07:35.620+0100] {processor.py:208} INFO - Processing /home/adminabhi/gitrepo/usa_customer_shopping_trends/src/dags/plugins/workday.py took 0.072 seconds
[2024-12-13T18:08:06.068+0100] {processor.py:186} INFO - Started process (PID=47165) to work on /home/adminabhi/gitrepo/usa_customer_shopping_trends/src/dags/plugins/workday.py
[2024-12-13T18:08:06.070+0100] {processor.py:914} INFO - Processing file /home/adminabhi/gitrepo/usa_customer_shopping_trends/src/dags/plugins/workday.py for tasks to queue
[2024-12-13T18:08:06.072+0100] {logging_mixin.py:190} INFO - [2024-12-13T18:08:06.072+0100] {dagbag.py:588} INFO - Filling up the DagBag from /home/adminabhi/gitrepo/usa_customer_shopping_trends/src/dags/plugins/workday.py
[2024-12-13T18:08:06.075+0100] {logging_mixin.py:190} INFO - [2024-12-13T18:08:06.075+0100] {workday.py:41} WARNING - Could not import pandas. Holidays will not be considered.
[2024-12-13T18:08:06.075+0100] {processor.py:927} WARNING - No viable dags retrieved from /home/adminabhi/gitrepo/usa_customer_shopping_trends/src/dags/plugins/workday.py
[2024-12-13T18:08:06.084+0100] {processor.py:208} INFO - Processing /home/adminabhi/gitrepo/usa_customer_shopping_trends/src/dags/plugins/workday.py took 0.020 seconds
[2024-12-13T18:08:36.442+0100] {processor.py:186} INFO - Started process (PID=47305) to work on /home/adminabhi/gitrepo/usa_customer_shopping_trends/src/dags/plugins/workday.py
[2024-12-13T18:08:36.445+0100] {processor.py:914} INFO - Processing file /home/adminabhi/gitrepo/usa_customer_shopping_trends/src/dags/plugins/workday.py for tasks to queue
[2024-12-13T18:08:36.448+0100] {logging_mixin.py:190} INFO - [2024-12-13T18:08:36.447+0100] {dagbag.py:588} INFO - Filling up the DagBag from /home/adminabhi/gitrepo/usa_customer_shopping_trends/src/dags/plugins/workday.py
[2024-12-13T18:08:36.453+0100] {logging_mixin.py:190} INFO - [2024-12-13T18:08:36.452+0100] {workday.py:41} WARNING - Could not import pandas. Holidays will not be considered.
[2024-12-13T18:08:36.453+0100] {processor.py:927} WARNING - No viable dags retrieved from /home/adminabhi/gitrepo/usa_customer_shopping_trends/src/dags/plugins/workday.py
[2024-12-13T18:08:36.468+0100] {processor.py:208} INFO - Processing /home/adminabhi/gitrepo/usa_customer_shopping_trends/src/dags/plugins/workday.py took 0.030 seconds
[2024-12-13T18:09:07.754+0100] {processor.py:186} INFO - Started process (PID=47467) to work on /home/adminabhi/gitrepo/usa_customer_shopping_trends/src/dags/plugins/workday.py
[2024-12-13T18:09:07.756+0100] {processor.py:914} INFO - Processing file /home/adminabhi/gitrepo/usa_customer_shopping_trends/src/dags/plugins/workday.py for tasks to queue
[2024-12-13T18:09:07.758+0100] {logging_mixin.py:190} INFO - [2024-12-13T18:09:07.758+0100] {dagbag.py:588} INFO - Filling up the DagBag from /home/adminabhi/gitrepo/usa_customer_shopping_trends/src/dags/plugins/workday.py
[2024-12-13T18:09:07.760+0100] {logging_mixin.py:190} INFO - [2024-12-13T18:09:07.760+0100] {workday.py:41} WARNING - Could not import pandas. Holidays will not be considered.
[2024-12-13T18:09:07.760+0100] {processor.py:927} WARNING - No viable dags retrieved from /home/adminabhi/gitrepo/usa_customer_shopping_trends/src/dags/plugins/workday.py
[2024-12-13T18:09:07.768+0100] {processor.py:208} INFO - Processing /home/adminabhi/gitrepo/usa_customer_shopping_trends/src/dags/plugins/workday.py took 0.018 seconds
[2024-12-13T18:09:38.185+0100] {processor.py:186} INFO - Started process (PID=47634) to work on /home/adminabhi/gitrepo/usa_customer_shopping_trends/src/dags/plugins/workday.py
[2024-12-13T18:09:38.240+0100] {processor.py:914} INFO - Processing file /home/adminabhi/gitrepo/usa_customer_shopping_trends/src/dags/plugins/workday.py for tasks to queue
[2024-12-13T18:09:38.241+0100] {logging_mixin.py:190} INFO - [2024-12-13T18:09:38.241+0100] {dagbag.py:588} INFO - Filling up the DagBag from /home/adminabhi/gitrepo/usa_customer_shopping_trends/src/dags/plugins/workday.py
[2024-12-13T18:09:38.244+0100] {logging_mixin.py:190} INFO - [2024-12-13T18:09:38.244+0100] {workday.py:41} WARNING - Could not import pandas. Holidays will not be considered.
[2024-12-13T18:09:38.244+0100] {processor.py:927} WARNING - No viable dags retrieved from /home/adminabhi/gitrepo/usa_customer_shopping_trends/src/dags/plugins/workday.py
[2024-12-13T18:09:38.252+0100] {processor.py:208} INFO - Processing /home/adminabhi/gitrepo/usa_customer_shopping_trends/src/dags/plugins/workday.py took 0.072 seconds
