nohup: ignoring input
/home/adminabhi/gitrepo/airflow_local_server/airflow-venv/lib/python3.10/site-packages/airflow/configuration.py:859 FutureWarning: section/key [core/sql_alchemy_conn] has been deprecated, you should use[database/sql_alchemy_conn] instead. Please update your `conf.get*` call to use the new name
[2024-12-13T18:06:25.423+0100] {configuration.py:2111} INFO - Creating new FAB webserver config file in: /home/adminabhi/gitrepo/usa_customer_shopping_trends/src/webserver_config.py
/home/adminabhi/gitrepo/airflow_local_server/airflow-venv/lib/python3.10/site-packages/airflow/configuration.py:859 FutureWarning: section/key [core/sql_alchemy_conn] has been deprecated, you should use[database/sql_alchemy_conn] instead. Please update your `conf.get*` call to use the new name
/home/adminabhi/gitrepo/airflow_local_server/airflow-venv/lib/python3.10/site-packages/flask_limiter/extension.py:333 UserWarning: Using the in-memory storage for tracking rate limits as no storage was explicitly specified. This is not recommended for production use. See: https://flask-limiter.readthedocs.io#configuring-a-storage-backend for documentation about configuring the storage backend.
[2024-12-13T18:06:26.965+0100] {override.py:1911} INFO - Created Permission View: can create on DAG Runs
[2024-12-13T18:06:26.983+0100] {override.py:1962} INFO - Added Permission can create on DAG Runs to role Admin
[2024-12-13T18:06:27.000+0100] {override.py:1911} INFO - Created Permission View: can read on DAG Runs
[2024-12-13T18:06:27.018+0100] {override.py:1962} INFO - Added Permission can read on DAG Runs to role Admin
[2024-12-13T18:06:27.037+0100] {override.py:1911} INFO - Created Permission View: can edit on DAG Runs
[2024-12-13T18:06:27.060+0100] {override.py:1962} INFO - Added Permission can edit on DAG Runs to role Admin
[2024-12-13T18:06:27.078+0100] {override.py:1911} INFO - Created Permission View: can delete on DAG Runs
[2024-12-13T18:06:27.097+0100] {override.py:1962} INFO - Added Permission can delete on DAG Runs to role Admin
[2024-12-13T18:06:27.115+0100] {override.py:1911} INFO - Created Permission View: menu access on DAG Runs
[2024-12-13T18:06:27.132+0100] {override.py:1962} INFO - Added Permission menu access on DAG Runs to role Admin
[2024-12-13T18:06:27.173+0100] {override.py:1911} INFO - Created Permission View: menu access on Browse
[2024-12-13T18:06:27.192+0100] {override.py:1962} INFO - Added Permission menu access on Browse to role Admin
[2024-12-13T18:06:27.234+0100] {override.py:1911} INFO - Created Permission View: can read on Jobs
[2024-12-13T18:06:27.254+0100] {override.py:1962} INFO - Added Permission can read on Jobs to role Admin
[2024-12-13T18:06:27.278+0100] {override.py:1911} INFO - Created Permission View: menu access on Jobs
[2024-12-13T18:06:27.297+0100] {override.py:1962} INFO - Added Permission menu access on Jobs to role Admin
[2024-12-13T18:06:27.348+0100] {override.py:1911} INFO - Created Permission View: can read on Audit Logs
[2024-12-13T18:06:27.366+0100] {override.py:1962} INFO - Added Permission can read on Audit Logs to role Admin
[2024-12-13T18:06:27.386+0100] {override.py:1911} INFO - Created Permission View: menu access on Audit Logs
[2024-12-13T18:06:27.403+0100] {override.py:1962} INFO - Added Permission menu access on Audit Logs to role Admin
[2024-12-13T18:06:27.451+0100] {override.py:1911} INFO - Created Permission View: can create on Variables
[2024-12-13T18:06:27.469+0100] {override.py:1962} INFO - Added Permission can create on Variables to role Admin
[2024-12-13T18:06:27.487+0100] {override.py:1911} INFO - Created Permission View: can read on Variables
[2024-12-13T18:06:27.505+0100] {override.py:1962} INFO - Added Permission can read on Variables to role Admin
[2024-12-13T18:06:27.523+0100] {override.py:1911} INFO - Created Permission View: can edit on Variables
[2024-12-13T18:06:27.540+0100] {override.py:1962} INFO - Added Permission can edit on Variables to role Admin
[2024-12-13T18:06:27.557+0100] {override.py:1911} INFO - Created Permission View: can delete on Variables
[2024-12-13T18:06:27.578+0100] {override.py:1962} INFO - Added Permission can delete on Variables to role Admin
[2024-12-13T18:06:27.596+0100] {override.py:1911} INFO - Created Permission View: menu access on Variables
[2024-12-13T18:06:27.613+0100] {override.py:1962} INFO - Added Permission menu access on Variables to role Admin
[2024-12-13T18:06:27.653+0100] {override.py:1911} INFO - Created Permission View: menu access on Admin
[2024-12-13T18:06:27.734+0100] {override.py:1962} INFO - Added Permission menu access on Admin to role Admin
[2024-12-13T18:06:27.780+0100] {override.py:1911} INFO - Created Permission View: can create on Task Instances
[2024-12-13T18:06:27.797+0100] {override.py:1962} INFO - Added Permission can create on Task Instances to role Admin
[2024-12-13T18:06:27.815+0100] {override.py:1911} INFO - Created Permission View: can read on Task Instances
[2024-12-13T18:06:27.832+0100] {override.py:1962} INFO - Added Permission can read on Task Instances to role Admin
[2024-12-13T18:06:27.850+0100] {override.py:1911} INFO - Created Permission View: can edit on Task Instances
[2024-12-13T18:06:27.867+0100] {override.py:1962} INFO - Added Permission can edit on Task Instances to role Admin
[2024-12-13T18:06:27.885+0100] {override.py:1911} INFO - Created Permission View: can delete on Task Instances
[2024-12-13T18:06:27.904+0100] {override.py:1962} INFO - Added Permission can delete on Task Instances to role Admin
[2024-12-13T18:06:27.922+0100] {override.py:1911} INFO - Created Permission View: menu access on Task Instances
[2024-12-13T18:06:27.939+0100] {override.py:1962} INFO - Added Permission menu access on Task Instances to role Admin
[2024-12-13T18:06:27.989+0100] {override.py:1911} INFO - Created Permission View: can read on Task Reschedules
[2024-12-13T18:06:28.009+0100] {override.py:1962} INFO - Added Permission can read on Task Reschedules to role Admin
[2024-12-13T18:06:28.026+0100] {override.py:1911} INFO - Created Permission View: menu access on Task Reschedules
[2024-12-13T18:06:28.044+0100] {override.py:1962} INFO - Added Permission menu access on Task Reschedules to role Admin
[2024-12-13T18:06:28.093+0100] {override.py:1911} INFO - Created Permission View: can read on Triggers
[2024-12-13T18:06:28.112+0100] {override.py:1962} INFO - Added Permission can read on Triggers to role Admin
[2024-12-13T18:06:28.129+0100] {override.py:1911} INFO - Created Permission View: menu access on Triggers
[2024-12-13T18:06:28.147+0100] {override.py:1962} INFO - Added Permission menu access on Triggers to role Admin
[2024-12-13T18:06:28.193+0100] {override.py:1911} INFO - Created Permission View: can read on Configurations
[2024-12-13T18:06:28.213+0100] {override.py:1962} INFO - Added Permission can read on Configurations to role Admin
[2024-12-13T18:06:28.235+0100] {override.py:1911} INFO - Created Permission View: menu access on Configurations
[2024-12-13T18:06:28.281+0100] {override.py:1962} INFO - Added Permission menu access on Configurations to role Admin
[2024-12-13T18:06:28.345+0100] {override.py:1911} INFO - Created Permission View: can create on Connections
[2024-12-13T18:06:28.364+0100] {override.py:1962} INFO - Added Permission can create on Connections to role Admin
[2024-12-13T18:06:28.382+0100] {override.py:1911} INFO - Created Permission View: can read on Connections
[2024-12-13T18:06:28.406+0100] {override.py:1962} INFO - Added Permission can read on Connections to role Admin
[2024-12-13T18:06:28.424+0100] {override.py:1911} INFO - Created Permission View: can edit on Connections
[2024-12-13T18:06:28.441+0100] {override.py:1962} INFO - Added Permission can edit on Connections to role Admin
[2024-12-13T18:06:28.458+0100] {override.py:1911} INFO - Created Permission View: can delete on Connections
[2024-12-13T18:06:28.476+0100] {override.py:1962} INFO - Added Permission can delete on Connections to role Admin
[2024-12-13T18:06:28.493+0100] {override.py:1911} INFO - Created Permission View: menu access on Connections
[2024-12-13T18:06:28.511+0100] {override.py:1962} INFO - Added Permission menu access on Connections to role Admin
[2024-12-13T18:06:28.557+0100] {override.py:1911} INFO - Created Permission View: can read on SLA Misses
[2024-12-13T18:06:28.575+0100] {override.py:1962} INFO - Added Permission can read on SLA Misses to role Admin
[2024-12-13T18:06:28.592+0100] {override.py:1911} INFO - Created Permission View: menu access on SLA Misses
[2024-12-13T18:06:28.612+0100] {override.py:1962} INFO - Added Permission menu access on SLA Misses to role Admin
[2024-12-13T18:06:28.632+0100] {override.py:1911} INFO - Created Permission View: can delete on SLA Misses
[2024-12-13T18:06:28.651+0100] {override.py:1962} INFO - Added Permission can delete on SLA Misses to role Admin
[2024-12-13T18:06:28.669+0100] {override.py:1911} INFO - Created Permission View: can edit on SLA Misses
[2024-12-13T18:06:28.692+0100] {override.py:1962} INFO - Added Permission can edit on SLA Misses to role Admin
[2024-12-13T18:06:28.739+0100] {override.py:1911} INFO - Created Permission View: can read on Plugins
[2024-12-13T18:06:28.758+0100] {override.py:1962} INFO - Added Permission can read on Plugins to role Admin
[2024-12-13T18:06:28.776+0100] {override.py:1911} INFO - Created Permission View: menu access on Plugins
[2024-12-13T18:06:28.794+0100] {override.py:1962} INFO - Added Permission menu access on Plugins to role Admin
[2024-12-13T18:06:28.873+0100] {override.py:1911} INFO - Created Permission View: can read on Providers
[2024-12-13T18:06:28.900+0100] {override.py:1962} INFO - Added Permission can read on Providers to role Admin
[2024-12-13T18:06:28.925+0100] {override.py:1911} INFO - Created Permission View: menu access on Providers
[2024-12-13T18:06:28.944+0100] {override.py:1962} INFO - Added Permission menu access on Providers to role Admin
[2024-12-13T18:06:28.995+0100] {override.py:1911} INFO - Created Permission View: can create on Pools
[2024-12-13T18:06:29.014+0100] {override.py:1962} INFO - Added Permission can create on Pools to role Admin
[2024-12-13T18:06:29.032+0100] {override.py:1911} INFO - Created Permission View: can read on Pools
[2024-12-13T18:06:29.052+0100] {override.py:1962} INFO - Added Permission can read on Pools to role Admin
[2024-12-13T18:06:29.071+0100] {override.py:1911} INFO - Created Permission View: can edit on Pools
[2024-12-13T18:06:29.092+0100] {override.py:1962} INFO - Added Permission can edit on Pools to role Admin
[2024-12-13T18:06:29.110+0100] {override.py:1911} INFO - Created Permission View: can delete on Pools
[2024-12-13T18:06:29.128+0100] {override.py:1962} INFO - Added Permission can delete on Pools to role Admin
[2024-12-13T18:06:29.147+0100] {override.py:1911} INFO - Created Permission View: menu access on Pools
[2024-12-13T18:06:29.170+0100] {override.py:1962} INFO - Added Permission menu access on Pools to role Admin
[2024-12-13T18:06:29.234+0100] {override.py:1911} INFO - Created Permission View: can read on XComs
[2024-12-13T18:06:29.257+0100] {override.py:1962} INFO - Added Permission can read on XComs to role Admin
[2024-12-13T18:06:29.282+0100] {override.py:1911} INFO - Created Permission View: can delete on XComs
[2024-12-13T18:06:29.306+0100] {override.py:1962} INFO - Added Permission can delete on XComs to role Admin
[2024-12-13T18:06:29.337+0100] {override.py:1911} INFO - Created Permission View: menu access on XComs
[2024-12-13T18:06:29.361+0100] {override.py:1962} INFO - Added Permission menu access on XComs to role Admin
[2024-12-13T18:06:29.440+0100] {override.py:1911} INFO - Created Permission View: menu access on DAG Dependencies
[2024-12-13T18:06:29.689+0100] {override.py:1962} INFO - Added Permission menu access on DAG Dependencies to role Admin
[2024-12-13T18:06:29.792+0100] {override.py:1911} INFO - Created Permission View: menu access on DAGs
[2024-12-13T18:06:29.812+0100] {override.py:1962} INFO - Added Permission menu access on DAGs to role Admin
[2024-12-13T18:06:29.849+0100] {override.py:1911} INFO - Created Permission View: menu access on Cluster Activity
[2024-12-13T18:06:29.869+0100] {override.py:1962} INFO - Added Permission menu access on Cluster Activity to role Admin
[2024-12-13T18:06:29.907+0100] {override.py:1911} INFO - Created Permission View: menu access on Datasets
[2024-12-13T18:06:29.927+0100] {override.py:1962} INFO - Added Permission menu access on Datasets to role Admin
[2024-12-13T18:06:29.970+0100] {override.py:1911} INFO - Created Permission View: menu access on Documentation
[2024-12-13T18:06:29.989+0100] {override.py:1962} INFO - Added Permission menu access on Documentation to role Admin
[2024-12-13T18:06:30.026+0100] {override.py:1911} INFO - Created Permission View: menu access on Docs
[2024-12-13T18:06:30.044+0100] {override.py:1962} INFO - Added Permission menu access on Docs to role Admin
/home/adminabhi/gitrepo/airflow_local_server/airflow-venv/lib/python3.10/site-packages/airflow/providers/fab/auth_manager/fab_auth_manager.py:569 FutureWarning: section/key [webserver/update_fab_perms] has been deprecated, you should use[fab/update_fab_perms] instead. Please update your `conf.get*` call to use the new name
[2024-12-13T18:06:30.724+0100] {override.py:1911} INFO - Created Permission View: can edit on DAGs
[2024-12-13T18:06:30.743+0100] {override.py:1911} INFO - Created Permission View: can delete on DAGs
[2024-12-13T18:06:30.764+0100] {override.py:1911} INFO - Created Permission View: can read on DAGs
[2024-12-13T18:06:30.789+0100] {override.py:1507} INFO - Inserted Role: Public
[2024-12-13T18:06:30.806+0100] {override.py:1507} INFO - Inserted Role: Viewer
[2024-12-13T18:06:30.827+0100] {override.py:1962} INFO - Added Permission can read on DAGs to role Viewer
[2024-12-13T18:06:30.845+0100] {override.py:1911} INFO - Created Permission View: can read on DAG Dependencies
[2024-12-13T18:06:30.861+0100] {override.py:1962} INFO - Added Permission can read on DAG Dependencies to role Viewer
[2024-12-13T18:06:30.894+0100] {override.py:1911} INFO - Created Permission View: can read on DAG Code
[2024-12-13T18:06:30.910+0100] {override.py:1962} INFO - Added Permission can read on DAG Code to role Viewer
[2024-12-13T18:06:30.927+0100] {override.py:1962} INFO - Added Permission can read on DAG Runs to role Viewer
[2024-12-13T18:06:30.945+0100] {override.py:1911} INFO - Created Permission View: can read on Datasets
[2024-12-13T18:06:30.962+0100] {override.py:1962} INFO - Added Permission can read on Datasets to role Viewer
[2024-12-13T18:06:30.986+0100] {override.py:1911} INFO - Created Permission View: can read on Cluster Activity
[2024-12-13T18:06:31.001+0100] {override.py:1962} INFO - Added Permission can read on Cluster Activity to role Viewer
[2024-12-13T18:06:31.018+0100] {override.py:1962} INFO - Added Permission can read on Pools to role Viewer
[2024-12-13T18:06:31.054+0100] {override.py:1911} INFO - Created Permission View: can read on ImportError
[2024-12-13T18:06:31.071+0100] {override.py:1962} INFO - Added Permission can read on ImportError to role Viewer
[2024-12-13T18:06:31.106+0100] {override.py:1911} INFO - Created Permission View: can read on DAG Warnings
[2024-12-13T18:06:31.122+0100] {override.py:1962} INFO - Added Permission can read on DAG Warnings to role Viewer
[2024-12-13T18:06:31.139+0100] {override.py:1962} INFO - Added Permission can read on Jobs to role Viewer
[2024-12-13T18:06:31.155+0100] {override.py:1962} INFO - Added Permission can read on My Password to role Viewer
[2024-12-13T18:06:31.173+0100] {override.py:1962} INFO - Added Permission can edit on My Password to role Viewer
[2024-12-13T18:06:31.190+0100] {override.py:1962} INFO - Added Permission can read on My Profile to role Viewer
[2024-12-13T18:06:31.206+0100] {override.py:1962} INFO - Added Permission can edit on My Profile to role Viewer
[2024-12-13T18:06:31.224+0100] {override.py:1962} INFO - Added Permission can read on SLA Misses to role Viewer
[2024-12-13T18:06:31.241+0100] {override.py:1962} INFO - Added Permission can read on Task Instances to role Viewer
[2024-12-13T18:06:31.277+0100] {override.py:1911} INFO - Created Permission View: can read on Task Logs
[2024-12-13T18:06:31.294+0100] {override.py:1962} INFO - Added Permission can read on Task Logs to role Viewer
[2024-12-13T18:06:31.311+0100] {override.py:1962} INFO - Added Permission can read on XComs to role Viewer
[2024-12-13T18:06:31.346+0100] {override.py:1911} INFO - Created Permission View: can read on Website
[2024-12-13T18:06:31.362+0100] {override.py:1962} INFO - Added Permission can read on Website to role Viewer
[2024-12-13T18:06:31.380+0100] {override.py:1962} INFO - Added Permission menu access on Browse to role Viewer
[2024-12-13T18:06:31.397+0100] {override.py:1962} INFO - Added Permission menu access on DAGs to role Viewer
[2024-12-13T18:06:31.413+0100] {override.py:1962} INFO - Added Permission menu access on DAG Dependencies to role Viewer
[2024-12-13T18:06:31.430+0100] {override.py:1962} INFO - Added Permission menu access on DAG Runs to role Viewer
[2024-12-13T18:06:31.447+0100] {override.py:1962} INFO - Added Permission menu access on Datasets to role Viewer
[2024-12-13T18:06:31.463+0100] {override.py:1962} INFO - Added Permission menu access on Cluster Activity to role Viewer
[2024-12-13T18:06:31.479+0100] {override.py:1962} INFO - Added Permission menu access on Documentation to role Viewer
[2024-12-13T18:06:31.495+0100] {override.py:1962} INFO - Added Permission menu access on Docs to role Viewer
[2024-12-13T18:06:31.510+0100] {override.py:1962} INFO - Added Permission menu access on Jobs to role Viewer
[2024-12-13T18:06:31.527+0100] {override.py:1962} INFO - Added Permission menu access on SLA Misses to role Viewer
[2024-12-13T18:06:31.544+0100] {override.py:1962} INFO - Added Permission menu access on Task Instances to role Viewer
[2024-12-13T18:06:31.561+0100] {override.py:1507} INFO - Inserted Role: User
[2024-12-13T18:06:31.579+0100] {override.py:1962} INFO - Added Permission can read on DAGs to role User
[2024-12-13T18:06:31.597+0100] {override.py:1962} INFO - Added Permission can read on DAG Dependencies to role User
[2024-12-13T18:06:31.617+0100] {override.py:1962} INFO - Added Permission can read on DAG Code to role User
[2024-12-13T18:06:31.634+0100] {override.py:1962} INFO - Added Permission can read on DAG Runs to role User
[2024-12-13T18:06:31.653+0100] {override.py:1962} INFO - Added Permission can read on Datasets to role User
[2024-12-13T18:06:31.679+0100] {override.py:1962} INFO - Added Permission can read on Cluster Activity to role User
[2024-12-13T18:06:31.699+0100] {override.py:1962} INFO - Added Permission can read on Pools to role User
[2024-12-13T18:06:31.719+0100] {override.py:1962} INFO - Added Permission can read on ImportError to role User
[2024-12-13T18:06:31.738+0100] {override.py:1962} INFO - Added Permission can read on DAG Warnings to role User
[2024-12-13T18:06:31.755+0100] {override.py:1962} INFO - Added Permission can read on Jobs to role User
[2024-12-13T18:06:31.771+0100] {override.py:1962} INFO - Added Permission can read on My Password to role User
[2024-12-13T18:06:31.788+0100] {override.py:1962} INFO - Added Permission can edit on My Password to role User
[2024-12-13T18:06:31.804+0100] {override.py:1962} INFO - Added Permission can read on My Profile to role User
[2024-12-13T18:06:31.820+0100] {override.py:1962} INFO - Added Permission can edit on My Profile to role User
[2024-12-13T18:06:31.837+0100] {override.py:1962} INFO - Added Permission can read on SLA Misses to role User
[2024-12-13T18:06:31.856+0100] {override.py:1962} INFO - Added Permission can read on Task Instances to role User
[2024-12-13T18:06:31.875+0100] {override.py:1962} INFO - Added Permission can read on Task Logs to role User
[2024-12-13T18:06:31.891+0100] {override.py:1962} INFO - Added Permission can read on XComs to role User
[2024-12-13T18:06:31.911+0100] {override.py:1962} INFO - Added Permission can read on Website to role User
[2024-12-13T18:06:31.926+0100] {override.py:1962} INFO - Added Permission menu access on Browse to role User
[2024-12-13T18:06:31.944+0100] {override.py:1962} INFO - Added Permission menu access on DAGs to role User
[2024-12-13T18:06:31.960+0100] {override.py:1962} INFO - Added Permission menu access on DAG Dependencies to role User
[2024-12-13T18:06:31.978+0100] {override.py:1962} INFO - Added Permission menu access on DAG Runs to role User
[2024-12-13T18:06:31.996+0100] {override.py:1962} INFO - Added Permission menu access on Datasets to role User
[2024-12-13T18:06:32.012+0100] {override.py:1962} INFO - Added Permission menu access on Cluster Activity to role User
[2024-12-13T18:06:32.029+0100] {override.py:1962} INFO - Added Permission menu access on Documentation to role User
[2024-12-13T18:06:32.048+0100] {override.py:1962} INFO - Added Permission menu access on Docs to role User
[2024-12-13T18:06:32.067+0100] {override.py:1962} INFO - Added Permission menu access on Jobs to role User
[2024-12-13T18:06:32.083+0100] {override.py:1962} INFO - Added Permission menu access on SLA Misses to role User
[2024-12-13T18:06:32.099+0100] {override.py:1962} INFO - Added Permission menu access on Task Instances to role User
[2024-12-13T18:06:32.116+0100] {override.py:1962} INFO - Added Permission can edit on DAGs to role User
[2024-12-13T18:06:32.133+0100] {override.py:1962} INFO - Added Permission can delete on DAGs to role User
[2024-12-13T18:06:32.151+0100] {override.py:1962} INFO - Added Permission can create on Task Instances to role User
[2024-12-13T18:06:32.168+0100] {override.py:1962} INFO - Added Permission can edit on Task Instances to role User
[2024-12-13T18:06:32.186+0100] {override.py:1962} INFO - Added Permission can delete on Task Instances to role User
[2024-12-13T18:06:32.202+0100] {override.py:1962} INFO - Added Permission can create on DAG Runs to role User
[2024-12-13T18:06:32.218+0100] {override.py:1962} INFO - Added Permission can edit on DAG Runs to role User
[2024-12-13T18:06:32.234+0100] {override.py:1962} INFO - Added Permission can delete on DAG Runs to role User
[2024-12-13T18:06:32.252+0100] {override.py:1911} INFO - Created Permission View: can create on Datasets
[2024-12-13T18:06:32.269+0100] {override.py:1962} INFO - Added Permission can create on Datasets to role User
[2024-12-13T18:06:32.285+0100] {override.py:1507} INFO - Inserted Role: Op
[2024-12-13T18:06:32.301+0100] {override.py:1962} INFO - Added Permission can read on DAGs to role Op
[2024-12-13T18:06:32.325+0100] {override.py:1962} INFO - Added Permission can read on DAG Dependencies to role Op
[2024-12-13T18:06:32.346+0100] {override.py:1962} INFO - Added Permission can read on DAG Code to role Op
[2024-12-13T18:06:32.364+0100] {override.py:1962} INFO - Added Permission can read on DAG Runs to role Op
[2024-12-13T18:06:32.383+0100] {override.py:1962} INFO - Added Permission can read on Datasets to role Op
[2024-12-13T18:06:32.402+0100] {override.py:1962} INFO - Added Permission can read on Cluster Activity to role Op
[2024-12-13T18:06:32.419+0100] {override.py:1962} INFO - Added Permission can read on Pools to role Op
[2024-12-13T18:06:32.441+0100] {override.py:1962} INFO - Added Permission can read on ImportError to role Op
[2024-12-13T18:06:32.459+0100] {override.py:1962} INFO - Added Permission can read on DAG Warnings to role Op
[2024-12-13T18:06:32.475+0100] {override.py:1962} INFO - Added Permission can read on Jobs to role Op
[2024-12-13T18:06:32.491+0100] {override.py:1962} INFO - Added Permission can read on My Password to role Op
[2024-12-13T18:06:32.507+0100] {override.py:1962} INFO - Added Permission can edit on My Password to role Op
[2024-12-13T18:06:32.526+0100] {override.py:1962} INFO - Added Permission can read on My Profile to role Op
[2024-12-13T18:06:32.541+0100] {override.py:1962} INFO - Added Permission can edit on My Profile to role Op
[2024-12-13T18:06:32.556+0100] {override.py:1962} INFO - Added Permission can read on SLA Misses to role Op
[2024-12-13T18:06:32.573+0100] {override.py:1962} INFO - Added Permission can read on Task Instances to role Op
[2024-12-13T18:06:32.591+0100] {override.py:1962} INFO - Added Permission can read on Task Logs to role Op
[2024-12-13T18:06:32.609+0100] {override.py:1962} INFO - Added Permission can read on XComs to role Op
[2024-12-13T18:06:32.629+0100] {override.py:1962} INFO - Added Permission can read on Website to role Op
[2024-12-13T18:06:32.645+0100] {override.py:1962} INFO - Added Permission menu access on Browse to role Op
[2024-12-13T18:06:32.661+0100] {override.py:1962} INFO - Added Permission menu access on DAGs to role Op
[2024-12-13T18:06:32.678+0100] {override.py:1962} INFO - Added Permission menu access on DAG Dependencies to role Op
[2024-12-13T18:06:32.694+0100] {override.py:1962} INFO - Added Permission menu access on DAG Runs to role Op
[2024-12-13T18:06:32.710+0100] {override.py:1962} INFO - Added Permission menu access on Datasets to role Op
[2024-12-13T18:06:32.726+0100] {override.py:1962} INFO - Added Permission menu access on Cluster Activity to role Op
[2024-12-13T18:06:32.746+0100] {override.py:1962} INFO - Added Permission menu access on Documentation to role Op
[2024-12-13T18:06:32.768+0100] {override.py:1962} INFO - Added Permission menu access on Docs to role Op
[2024-12-13T18:06:32.784+0100] {override.py:1962} INFO - Added Permission menu access on Jobs to role Op
[2024-12-13T18:06:32.801+0100] {override.py:1962} INFO - Added Permission menu access on SLA Misses to role Op
[2024-12-13T18:06:32.825+0100] {override.py:1962} INFO - Added Permission menu access on Task Instances to role Op
[2024-12-13T18:06:32.844+0100] {override.py:1962} INFO - Added Permission can edit on DAGs to role Op
[2024-12-13T18:06:32.860+0100] {override.py:1962} INFO - Added Permission can delete on DAGs to role Op
[2024-12-13T18:06:32.877+0100] {override.py:1962} INFO - Added Permission can create on Task Instances to role Op
[2024-12-13T18:06:32.893+0100] {override.py:1962} INFO - Added Permission can edit on Task Instances to role Op
[2024-12-13T18:06:32.910+0100] {override.py:1962} INFO - Added Permission can delete on Task Instances to role Op
[2024-12-13T18:06:32.927+0100] {override.py:1962} INFO - Added Permission can create on DAG Runs to role Op
[2024-12-13T18:06:32.945+0100] {override.py:1962} INFO - Added Permission can edit on DAG Runs to role Op
[2024-12-13T18:06:32.961+0100] {override.py:1962} INFO - Added Permission can delete on DAG Runs to role Op
[2024-12-13T18:06:32.978+0100] {override.py:1962} INFO - Added Permission can create on Datasets to role Op
[2024-12-13T18:06:32.993+0100] {override.py:1962} INFO - Added Permission can read on Configurations to role Op
[2024-12-13T18:06:33.009+0100] {override.py:1962} INFO - Added Permission menu access on Admin to role Op
[2024-12-13T18:06:33.024+0100] {override.py:1962} INFO - Added Permission menu access on Configurations to role Op
[2024-12-13T18:06:33.041+0100] {override.py:1962} INFO - Added Permission menu access on Connections to role Op
[2024-12-13T18:06:33.057+0100] {override.py:1962} INFO - Added Permission menu access on Pools to role Op
[2024-12-13T18:06:33.072+0100] {override.py:1962} INFO - Added Permission menu access on Plugins to role Op
[2024-12-13T18:06:33.092+0100] {override.py:1962} INFO - Added Permission menu access on Variables to role Op
[2024-12-13T18:06:33.108+0100] {override.py:1962} INFO - Added Permission menu access on Providers to role Op
[2024-12-13T18:06:33.125+0100] {override.py:1962} INFO - Added Permission menu access on XComs to role Op
[2024-12-13T18:06:33.141+0100] {override.py:1962} INFO - Added Permission can create on Connections to role Op
[2024-12-13T18:06:33.158+0100] {override.py:1962} INFO - Added Permission can read on Connections to role Op
[2024-12-13T18:06:33.174+0100] {override.py:1962} INFO - Added Permission can edit on Connections to role Op
[2024-12-13T18:06:33.189+0100] {override.py:1962} INFO - Added Permission can delete on Connections to role Op
[2024-12-13T18:06:33.206+0100] {override.py:1962} INFO - Added Permission can create on Pools to role Op
[2024-12-13T18:06:33.222+0100] {override.py:1962} INFO - Added Permission can edit on Pools to role Op
[2024-12-13T18:06:33.238+0100] {override.py:1962} INFO - Added Permission can delete on Pools to role Op
[2024-12-13T18:06:33.254+0100] {override.py:1962} INFO - Added Permission can read on Plugins to role Op
[2024-12-13T18:06:33.272+0100] {override.py:1962} INFO - Added Permission can read on Providers to role Op
[2024-12-13T18:06:33.288+0100] {override.py:1962} INFO - Added Permission can create on Variables to role Op
[2024-12-13T18:06:33.305+0100] {override.py:1962} INFO - Added Permission can read on Variables to role Op
[2024-12-13T18:06:33.326+0100] {override.py:1962} INFO - Added Permission can edit on Variables to role Op
[2024-12-13T18:06:33.344+0100] {override.py:1962} INFO - Added Permission can delete on Variables to role Op
[2024-12-13T18:06:33.362+0100] {override.py:1962} INFO - Added Permission can delete on XComs to role Op
[2024-12-13T18:06:33.388+0100] {override.py:1911} INFO - Created Permission View: can delete on Datasets
[2024-12-13T18:06:33.406+0100] {override.py:1962} INFO - Added Permission can delete on Datasets to role Op
[2024-12-13T18:06:33.428+0100] {override.py:1962} INFO - Added Permission can read on DAGs to role Admin
[2024-12-13T18:06:33.448+0100] {override.py:1962} INFO - Added Permission can read on DAG Dependencies to role Admin
[2024-12-13T18:06:33.470+0100] {override.py:1962} INFO - Added Permission can read on DAG Code to role Admin
[2024-12-13T18:06:33.494+0100] {override.py:1962} INFO - Added Permission can read on Datasets to role Admin
[2024-12-13T18:06:33.514+0100] {override.py:1962} INFO - Added Permission can read on Cluster Activity to role Admin
[2024-12-13T18:06:33.532+0100] {override.py:1962} INFO - Added Permission can read on ImportError to role Admin
[2024-12-13T18:06:33.553+0100] {override.py:1962} INFO - Added Permission can read on DAG Warnings to role Admin
[2024-12-13T18:06:33.576+0100] {override.py:1962} INFO - Added Permission can read on Task Logs to role Admin
[2024-12-13T18:06:33.595+0100] {override.py:1962} INFO - Added Permission can read on Website to role Admin
[2024-12-13T18:06:33.613+0100] {override.py:1962} INFO - Added Permission can edit on DAGs to role Admin
[2024-12-13T18:06:33.631+0100] {override.py:1962} INFO - Added Permission can delete on DAGs to role Admin
[2024-12-13T18:06:33.654+0100] {override.py:1962} INFO - Added Permission can create on Datasets to role Admin
[2024-12-13T18:06:33.677+0100] {override.py:1962} INFO - Added Permission can delete on Datasets to role Admin
[2024-12-13 18:06:33 +0100] [46646] [INFO] Starting gunicorn 23.0.0
[2024-12-13 18:06:33 +0100] [46646] [INFO] Listening at: http://0.0.0.0:8080 (46646)
[2024-12-13 18:06:33 +0100] [46646] [INFO] Using worker: sync
[2024-12-13 18:06:33 +0100] [46713] [INFO] Booting worker with pid: 46713
[2024-12-13 18:06:33 +0100] [46714] [INFO] Booting worker with pid: 46714
[2024-12-13 18:06:33 +0100] [46715] [INFO] Booting worker with pid: 46715
[2024-12-13 18:06:34 +0100] [46716] [INFO] Booting worker with pid: 46716
127.0.0.1 - - [13/Dec/2024:18:06:39 +0100] "GET / HTTP/1.1" 302 197 "-" "Mozilla/5.0 (Windows NT 10.0; Win64; x64) AppleWebKit/537.36 (KHTML, like Gecko) Chrome/131.0.0.0 Safari/537.36"
127.0.0.1 - - [13/Dec/2024:18:06:40 +0100] "GET /home HTTP/1.1" 302 285 "-" "Mozilla/5.0 (Windows NT 10.0; Win64; x64) AppleWebKit/537.36 (KHTML, like Gecko) Chrome/131.0.0.0 Safari/537.36"
/home/adminabhi/gitrepo/airflow_local_server/airflow-venv/lib/python3.10/site-packages/airflow/www/security_manager.py:257 AirflowProviderDeprecationWarning: is_authorized_dataset will be renamed as is_authorized_asset in Airflow 3 and will be removed when the minimum Airflow version is set to 3.0 for the fab provider
127.0.0.1 - - [13/Dec/2024:18:06:40 +0100] "GET /login/?next=http%3A%2F%2Flocalhost%3A8080%2Fhome HTTP/1.1" 200 18637 "-" "Mozilla/5.0 (Windows NT 10.0; Win64; x64) AppleWebKit/537.36 (KHTML, like Gecko) Chrome/131.0.0.0 Safari/537.36"
[2024-12-13T18:06:49.742+0100] {override.py:1678} INFO - Updated user Abhijit Yadav
127.0.0.1 - - [13/Dec/2024:18:06:49 +0100] "POST /login/?next=http%3A%2F%2Flocalhost%3A8080%2Fhome HTTP/1.1" 302 239 "http://localhost:8080/login/?next=http%3A%2F%2Flocalhost%3A8080%2Fhome" "Mozilla/5.0 (Windows NT 10.0; Win64; x64) AppleWebKit/537.36 (KHTML, like Gecko) Chrome/131.0.0.0 Safari/537.36"
/home/adminabhi/gitrepo/airflow_local_server/airflow-venv/lib/python3.10/site-packages/airflow/www/views.py:848 SADeprecationWarning: DISTINCT ON is currently supported only by the PostgreSQL dialect.  Use of DISTINCT ON for other backends is currently silently ignored, however this usage is deprecated, and will raise CompileError in a future release for all backends that do not support this syntax.
/home/adminabhi/gitrepo/airflow_local_server/airflow-venv/lib/python3.10/site-packages/airflow/www/views.py:902 SADeprecationWarning: DISTINCT ON is currently supported only by the PostgreSQL dialect.  Use of DISTINCT ON for other backends is currently silently ignored, however this usage is deprecated, and will raise CompileError in a future release for all backends that do not support this syntax.
/home/adminabhi/gitrepo/airflow_local_server/airflow-venv/lib/python3.10/site-packages/airflow/www/security_manager.py:257 AirflowProviderDeprecationWarning: is_authorized_dataset will be renamed as is_authorized_asset in Airflow 3 and will be removed when the minimum Airflow version is set to 3.0 for the fab provider
127.0.0.1 - - [13/Dec/2024:18:06:50 +0100] "GET /home HTTP/1.1" 200 49183 "http://localhost:8080/login/?next=http%3A%2F%2Flocalhost%3A8080%2Fhome" "Mozilla/5.0 (Windows NT 10.0; Win64; x64) AppleWebKit/537.36 (KHTML, like Gecko) Chrome/131.0.0.0 Safari/537.36"
127.0.0.1 - - [13/Dec/2024:18:06:50 +0100] "POST /blocked HTTP/1.1" 200 2 "http://localhost:8080/home" "Mozilla/5.0 (Windows NT 10.0; Win64; x64) AppleWebKit/537.36 (KHTML, like Gecko) Chrome/131.0.0.0 Safari/537.36"
127.0.0.1 - - [13/Dec/2024:18:06:50 +0100] "POST /dag_stats HTTP/1.1" 200 324 "http://localhost:8080/home" "Mozilla/5.0 (Windows NT 10.0; Win64; x64) AppleWebKit/537.36 (KHTML, like Gecko) Chrome/131.0.0.0 Safari/537.36"
127.0.0.1 - - [13/Dec/2024:18:06:50 +0100] "POST /last_dagruns HTTP/1.1" 200 2 "http://localhost:8080/home" "Mozilla/5.0 (Windows NT 10.0; Win64; x64) AppleWebKit/537.36 (KHTML, like Gecko) Chrome/131.0.0.0 Safari/537.36"
127.0.0.1 - - [13/Dec/2024:18:06:50 +0100] "POST /task_stats HTTP/1.1" 200 1054 "http://localhost:8080/home" "Mozilla/5.0 (Windows NT 10.0; Win64; x64) AppleWebKit/537.36 (KHTML, like Gecko) Chrome/131.0.0.0 Safari/537.36"
/home/adminabhi/gitrepo/airflow_local_server/airflow-venv/lib/python3.10/site-packages/airflow/www/views.py:848 SADeprecationWarning: DISTINCT ON is currently supported only by the PostgreSQL dialect.  Use of DISTINCT ON for other backends is currently silently ignored, however this usage is deprecated, and will raise CompileError in a future release for all backends that do not support this syntax.
/home/adminabhi/gitrepo/airflow_local_server/airflow-venv/lib/python3.10/site-packages/airflow/www/views.py:902 SADeprecationWarning: DISTINCT ON is currently supported only by the PostgreSQL dialect.  Use of DISTINCT ON for other backends is currently silently ignored, however this usage is deprecated, and will raise CompileError in a future release for all backends that do not support this syntax.
/home/adminabhi/gitrepo/airflow_local_server/airflow-venv/lib/python3.10/site-packages/airflow/www/security_manager.py:257 AirflowProviderDeprecationWarning: is_authorized_dataset will be renamed as is_authorized_asset in Airflow 3 and will be removed when the minimum Airflow version is set to 3.0 for the fab provider
127.0.0.1 - - [13/Dec/2024:18:08:07 +0100] "GET /home HTTP/1.1" 200 49183 "http://localhost:8080/login/?next=http%3A%2F%2Flocalhost%3A8080%2Fhome" "Mozilla/5.0 (Windows NT 10.0; Win64; x64) AppleWebKit/537.36 (KHTML, like Gecko) Chrome/131.0.0.0 Safari/537.36"
127.0.0.1 - - [13/Dec/2024:18:08:07 +0100] "POST /blocked HTTP/1.1" 200 2 "http://localhost:8080/home" "Mozilla/5.0 (Windows NT 10.0; Win64; x64) AppleWebKit/537.36 (KHTML, like Gecko) Chrome/131.0.0.0 Safari/537.36"
127.0.0.1 - - [13/Dec/2024:18:08:08 +0100] "POST /last_dagruns HTTP/1.1" 200 2 "http://localhost:8080/home" "Mozilla/5.0 (Windows NT 10.0; Win64; x64) AppleWebKit/537.36 (KHTML, like Gecko) Chrome/131.0.0.0 Safari/537.36"
127.0.0.1 - - [13/Dec/2024:18:08:08 +0100] "POST /dag_stats HTTP/1.1" 200 324 "http://localhost:8080/home" "Mozilla/5.0 (Windows NT 10.0; Win64; x64) AppleWebKit/537.36 (KHTML, like Gecko) Chrome/131.0.0.0 Safari/537.36"
127.0.0.1 - - [13/Dec/2024:18:08:08 +0100] "POST /task_stats HTTP/1.1" 200 1054 "http://localhost:8080/home" "Mozilla/5.0 (Windows NT 10.0; Win64; x64) AppleWebKit/537.36 (KHTML, like Gecko) Chrome/131.0.0.0 Safari/537.36"
/home/adminabhi/gitrepo/airflow_local_server/airflow-venv/lib/python3.10/site-packages/airflow/www/views.py:848 SADeprecationWarning: DISTINCT ON is currently supported only by the PostgreSQL dialect.  Use of DISTINCT ON for other backends is currently silently ignored, however this usage is deprecated, and will raise CompileError in a future release for all backends that do not support this syntax.
/home/adminabhi/gitrepo/airflow_local_server/airflow-venv/lib/python3.10/site-packages/airflow/www/views.py:902 SADeprecationWarning: DISTINCT ON is currently supported only by the PostgreSQL dialect.  Use of DISTINCT ON for other backends is currently silently ignored, however this usage is deprecated, and will raise CompileError in a future release for all backends that do not support this syntax.
127.0.0.1 - - [13/Dec/2024:18:08:09 +0100] "GET /home HTTP/1.1" 200 49183 "http://localhost:8080/login/?next=http%3A%2F%2Flocalhost%3A8080%2Fhome" "Mozilla/5.0 (Windows NT 10.0; Win64; x64) AppleWebKit/537.36 (KHTML, like Gecko) Chrome/131.0.0.0 Safari/537.36"
127.0.0.1 - - [13/Dec/2024:18:08:10 +0100] "GET /home HTTP/1.1" 200 49183 "http://localhost:8080/login/?next=http%3A%2F%2Flocalhost%3A8080%2Fhome" "Mozilla/5.0 (Windows NT 10.0; Win64; x64) AppleWebKit/537.36 (KHTML, like Gecko) Chrome/131.0.0.0 Safari/537.36"
127.0.0.1 - - [13/Dec/2024:18:08:10 +0100] "POST /blocked HTTP/1.1" 200 2 "http://localhost:8080/home" "Mozilla/5.0 (Windows NT 10.0; Win64; x64) AppleWebKit/537.36 (KHTML, like Gecko) Chrome/131.0.0.0 Safari/537.36"
127.0.0.1 - - [13/Dec/2024:18:08:10 +0100] "POST /dag_stats HTTP/1.1" 200 324 "http://localhost:8080/home" "Mozilla/5.0 (Windows NT 10.0; Win64; x64) AppleWebKit/537.36 (KHTML, like Gecko) Chrome/131.0.0.0 Safari/537.36"
127.0.0.1 - - [13/Dec/2024:18:08:10 +0100] "POST /last_dagruns HTTP/1.1" 200 2 "http://localhost:8080/home" "Mozilla/5.0 (Windows NT 10.0; Win64; x64) AppleWebKit/537.36 (KHTML, like Gecko) Chrome/131.0.0.0 Safari/537.36"
127.0.0.1 - - [13/Dec/2024:18:08:10 +0100] "POST /task_stats HTTP/1.1" 200 1054 "http://localhost:8080/home" "Mozilla/5.0 (Windows NT 10.0; Win64; x64) AppleWebKit/537.36 (KHTML, like Gecko) Chrome/131.0.0.0 Safari/537.36"
/home/adminabhi/gitrepo/airflow_local_server/airflow-venv/lib/python3.10/site-packages/airflow/www/views.py:848 SADeprecationWarning: DISTINCT ON is currently supported only by the PostgreSQL dialect.  Use of DISTINCT ON for other backends is currently silently ignored, however this usage is deprecated, and will raise CompileError in a future release for all backends that do not support this syntax.
/home/adminabhi/gitrepo/airflow_local_server/airflow-venv/lib/python3.10/site-packages/airflow/www/views.py:902 SADeprecationWarning: DISTINCT ON is currently supported only by the PostgreSQL dialect.  Use of DISTINCT ON for other backends is currently silently ignored, however this usage is deprecated, and will raise CompileError in a future release for all backends that do not support this syntax.
/home/adminabhi/gitrepo/airflow_local_server/airflow-venv/lib/python3.10/site-packages/airflow/www/security_manager.py:257 AirflowProviderDeprecationWarning: is_authorized_dataset will be renamed as is_authorized_asset in Airflow 3 and will be removed when the minimum Airflow version is set to 3.0 for the fab provider
127.0.0.1 - - [13/Dec/2024:18:08:11 +0100] "GET /home HTTP/1.1" 200 49183 "http://localhost:8080/login/?next=http%3A%2F%2Flocalhost%3A8080%2Fhome" "Mozilla/5.0 (Windows NT 10.0; Win64; x64) AppleWebKit/537.36 (KHTML, like Gecko) Chrome/131.0.0.0 Safari/537.36"
127.0.0.1 - - [13/Dec/2024:18:08:11 +0100] "POST /blocked HTTP/1.1" 200 2 "http://localhost:8080/home" "Mozilla/5.0 (Windows NT 10.0; Win64; x64) AppleWebKit/537.36 (KHTML, like Gecko) Chrome/131.0.0.0 Safari/537.36"
127.0.0.1 - - [13/Dec/2024:18:08:11 +0100] "POST /last_dagruns HTTP/1.1" 200 2 "http://localhost:8080/home" "Mozilla/5.0 (Windows NT 10.0; Win64; x64) AppleWebKit/537.36 (KHTML, like Gecko) Chrome/131.0.0.0 Safari/537.36"
127.0.0.1 - - [13/Dec/2024:18:08:11 +0100] "POST /dag_stats HTTP/1.1" 200 324 "http://localhost:8080/home" "Mozilla/5.0 (Windows NT 10.0; Win64; x64) AppleWebKit/537.36 (KHTML, like Gecko) Chrome/131.0.0.0 Safari/537.36"
127.0.0.1 - - [13/Dec/2024:18:08:11 +0100] "POST /task_stats HTTP/1.1" 200 1054 "http://localhost:8080/home" "Mozilla/5.0 (Windows NT 10.0; Win64; x64) AppleWebKit/537.36 (KHTML, like Gecko) Chrome/131.0.0.0 Safari/537.36"
127.0.0.1 - - [13/Dec/2024:18:08:13 +0100] "GET /home HTTP/1.1" 200 49183 "http://localhost:8080/login/?next=http%3A%2F%2Flocalhost%3A8080%2Fhome" "Mozilla/5.0 (Windows NT 10.0; Win64; x64) AppleWebKit/537.36 (KHTML, like Gecko) Chrome/131.0.0.0 Safari/537.36"
127.0.0.1 - - [13/Dec/2024:18:08:13 +0100] "POST /blocked HTTP/1.1" 200 2 "http://localhost:8080/home" "Mozilla/5.0 (Windows NT 10.0; Win64; x64) AppleWebKit/537.36 (KHTML, like Gecko) Chrome/131.0.0.0 Safari/537.36"
127.0.0.1 - - [13/Dec/2024:18:08:13 +0100] "POST /last_dagruns HTTP/1.1" 200 2 "http://localhost:8080/home" "Mozilla/5.0 (Windows NT 10.0; Win64; x64) AppleWebKit/537.36 (KHTML, like Gecko) Chrome/131.0.0.0 Safari/537.36"
127.0.0.1 - - [13/Dec/2024:18:08:13 +0100] "POST /dag_stats HTTP/1.1" 200 324 "http://localhost:8080/home" "Mozilla/5.0 (Windows NT 10.0; Win64; x64) AppleWebKit/537.36 (KHTML, like Gecko) Chrome/131.0.0.0 Safari/537.36"
127.0.0.1 - - [13/Dec/2024:18:08:13 +0100] "POST /task_stats HTTP/1.1" 200 1054 "http://localhost:8080/home" "Mozilla/5.0 (Windows NT 10.0; Win64; x64) AppleWebKit/537.36 (KHTML, like Gecko) Chrome/131.0.0.0 Safari/537.36"
127.0.0.1 - - [13/Dec/2024:18:08:14 +0100] "GET /home HTTP/1.1" 200 49183 "http://localhost:8080/login/?next=http%3A%2F%2Flocalhost%3A8080%2Fhome" "Mozilla/5.0 (Windows NT 10.0; Win64; x64) AppleWebKit/537.36 (KHTML, like Gecko) Chrome/131.0.0.0 Safari/537.36"
127.0.0.1 - - [13/Dec/2024:18:08:14 +0100] "GET /home HTTP/1.1" 200 49183 "http://localhost:8080/login/?next=http%3A%2F%2Flocalhost%3A8080%2Fhome" "Mozilla/5.0 (Windows NT 10.0; Win64; x64) AppleWebKit/537.36 (KHTML, like Gecko) Chrome/131.0.0.0 Safari/537.36"
127.0.0.1 - - [13/Dec/2024:18:08:14 +0100] "POST /blocked HTTP/1.1" 200 2 "http://localhost:8080/home" "Mozilla/5.0 (Windows NT 10.0; Win64; x64) AppleWebKit/537.36 (KHTML, like Gecko) Chrome/131.0.0.0 Safari/537.36"
127.0.0.1 - - [13/Dec/2024:18:08:14 +0100] "POST /last_dagruns HTTP/1.1" 200 2 "http://localhost:8080/home" "Mozilla/5.0 (Windows NT 10.0; Win64; x64) AppleWebKit/537.36 (KHTML, like Gecko) Chrome/131.0.0.0 Safari/537.36"
127.0.0.1 - - [13/Dec/2024:18:08:14 +0100] "POST /dag_stats HTTP/1.1" 200 324 "http://localhost:8080/home" "Mozilla/5.0 (Windows NT 10.0; Win64; x64) AppleWebKit/537.36 (KHTML, like Gecko) Chrome/131.0.0.0 Safari/537.36"
127.0.0.1 - - [13/Dec/2024:18:08:14 +0100] "POST /blocked HTTP/1.1" 200 2 "http://localhost:8080/home" "Mozilla/5.0 (Windows NT 10.0; Win64; x64) AppleWebKit/537.36 (KHTML, like Gecko) Chrome/131.0.0.0 Safari/537.36"
127.0.0.1 - - [13/Dec/2024:18:08:14 +0100] "POST /last_dagruns HTTP/1.1" 200 2 "http://localhost:8080/home" "Mozilla/5.0 (Windows NT 10.0; Win64; x64) AppleWebKit/537.36 (KHTML, like Gecko) Chrome/131.0.0.0 Safari/537.36"
127.0.0.1 - - [13/Dec/2024:18:08:15 +0100] "POST /dag_stats HTTP/1.1" 200 324 "http://localhost:8080/home" "Mozilla/5.0 (Windows NT 10.0; Win64; x64) AppleWebKit/537.36 (KHTML, like Gecko) Chrome/131.0.0.0 Safari/537.36"
127.0.0.1 - - [13/Dec/2024:18:08:15 +0100] "POST /task_stats HTTP/1.1" 200 1054 "http://localhost:8080/home" "Mozilla/5.0 (Windows NT 10.0; Win64; x64) AppleWebKit/537.36 (KHTML, like Gecko) Chrome/131.0.0.0 Safari/537.36"
127.0.0.1 - - [13/Dec/2024:18:08:15 +0100] "GET /home HTTP/1.1" 200 49183 "http://localhost:8080/login/?next=http%3A%2F%2Flocalhost%3A8080%2Fhome" "Mozilla/5.0 (Windows NT 10.0; Win64; x64) AppleWebKit/537.36 (KHTML, like Gecko) Chrome/131.0.0.0 Safari/537.36"
127.0.0.1 - - [13/Dec/2024:18:08:15 +0100] "POST /blocked HTTP/1.1" 200 2 "http://localhost:8080/home" "Mozilla/5.0 (Windows NT 10.0; Win64; x64) AppleWebKit/537.36 (KHTML, like Gecko) Chrome/131.0.0.0 Safari/537.36"
127.0.0.1 - - [13/Dec/2024:18:08:15 +0100] "POST /last_dagruns HTTP/1.1" 200 2 "http://localhost:8080/home" "Mozilla/5.0 (Windows NT 10.0; Win64; x64) AppleWebKit/537.36 (KHTML, like Gecko) Chrome/131.0.0.0 Safari/537.36"
127.0.0.1 - - [13/Dec/2024:18:08:15 +0100] "POST /dag_stats HTTP/1.1" 200 324 "http://localhost:8080/home" "Mozilla/5.0 (Windows NT 10.0; Win64; x64) AppleWebKit/537.36 (KHTML, like Gecko) Chrome/131.0.0.0 Safari/537.36"
127.0.0.1 - - [13/Dec/2024:18:08:15 +0100] "GET /home HTTP/1.1" 200 49183 "http://localhost:8080/login/?next=http%3A%2F%2Flocalhost%3A8080%2Fhome" "Mozilla/5.0 (Windows NT 10.0; Win64; x64) AppleWebKit/537.36 (KHTML, like Gecko) Chrome/131.0.0.0 Safari/537.36"
127.0.0.1 - - [13/Dec/2024:18:08:15 +0100] "POST /task_stats HTTP/1.1" 200 1054 "http://localhost:8080/home" "Mozilla/5.0 (Windows NT 10.0; Win64; x64) AppleWebKit/537.36 (KHTML, like Gecko) Chrome/131.0.0.0 Safari/537.36"
127.0.0.1 - - [13/Dec/2024:18:08:16 +0100] "POST /dag_stats HTTP/1.1" 200 324 "http://localhost:8080/home" "Mozilla/5.0 (Windows NT 10.0; Win64; x64) AppleWebKit/537.36 (KHTML, like Gecko) Chrome/131.0.0.0 Safari/537.36"
127.0.0.1 - - [13/Dec/2024:18:08:16 +0100] "POST /last_dagruns HTTP/1.1" 200 2 "http://localhost:8080/home" "Mozilla/5.0 (Windows NT 10.0; Win64; x64) AppleWebKit/537.36 (KHTML, like Gecko) Chrome/131.0.0.0 Safari/537.36"
127.0.0.1 - - [13/Dec/2024:18:08:16 +0100] "POST /blocked HTTP/1.1" 200 2 "http://localhost:8080/home" "Mozilla/5.0 (Windows NT 10.0; Win64; x64) AppleWebKit/537.36 (KHTML, like Gecko) Chrome/131.0.0.0 Safari/537.36"
127.0.0.1 - - [13/Dec/2024:18:08:16 +0100] "GET /home HTTP/1.1" 200 49183 "http://localhost:8080/login/?next=http%3A%2F%2Flocalhost%3A8080%2Fhome" "Mozilla/5.0 (Windows NT 10.0; Win64; x64) AppleWebKit/537.36 (KHTML, like Gecko) Chrome/131.0.0.0 Safari/537.36"
127.0.0.1 - - [13/Dec/2024:18:08:16 +0100] "POST /blocked HTTP/1.1" 200 2 "http://localhost:8080/home" "Mozilla/5.0 (Windows NT 10.0; Win64; x64) AppleWebKit/537.36 (KHTML, like Gecko) Chrome/131.0.0.0 Safari/537.36"
127.0.0.1 - - [13/Dec/2024:18:08:16 +0100] "POST /last_dagruns HTTP/1.1" 200 2 "http://localhost:8080/home" "Mozilla/5.0 (Windows NT 10.0; Win64; x64) AppleWebKit/537.36 (KHTML, like Gecko) Chrome/131.0.0.0 Safari/537.36"
127.0.0.1 - - [13/Dec/2024:18:08:16 +0100] "GET /home HTTP/1.1" 200 49183 "http://localhost:8080/login/?next=http%3A%2F%2Flocalhost%3A8080%2Fhome" "Mozilla/5.0 (Windows NT 10.0; Win64; x64) AppleWebKit/537.36 (KHTML, like Gecko) Chrome/131.0.0.0 Safari/537.36"
127.0.0.1 - - [13/Dec/2024:18:08:16 +0100] "POST /dag_stats HTTP/1.1" 200 324 "http://localhost:8080/home" "Mozilla/5.0 (Windows NT 10.0; Win64; x64) AppleWebKit/537.36 (KHTML, like Gecko) Chrome/131.0.0.0 Safari/537.36"
127.0.0.1 - - [13/Dec/2024:18:08:16 +0100] "POST /task_stats HTTP/1.1" 200 1054 "http://localhost:8080/home" "Mozilla/5.0 (Windows NT 10.0; Win64; x64) AppleWebKit/537.36 (KHTML, like Gecko) Chrome/131.0.0.0 Safari/537.36"
127.0.0.1 - - [13/Dec/2024:18:08:16 +0100] "POST /blocked HTTP/1.1" 200 2 "http://localhost:8080/home" "Mozilla/5.0 (Windows NT 10.0; Win64; x64) AppleWebKit/537.36 (KHTML, like Gecko) Chrome/131.0.0.0 Safari/537.36"
127.0.0.1 - - [13/Dec/2024:18:08:17 +0100] "POST /dag_stats HTTP/1.1" 200 324 "http://localhost:8080/home" "Mozilla/5.0 (Windows NT 10.0; Win64; x64) AppleWebKit/537.36 (KHTML, like Gecko) Chrome/131.0.0.0 Safari/537.36"
127.0.0.1 - - [13/Dec/2024:18:08:17 +0100] "POST /last_dagruns HTTP/1.1" 200 2 "http://localhost:8080/home" "Mozilla/5.0 (Windows NT 10.0; Win64; x64) AppleWebKit/537.36 (KHTML, like Gecko) Chrome/131.0.0.0 Safari/537.36"
127.0.0.1 - - [13/Dec/2024:18:08:17 +0100] "GET /home HTTP/1.1" 200 49183 "http://localhost:8080/login/?next=http%3A%2F%2Flocalhost%3A8080%2Fhome" "Mozilla/5.0 (Windows NT 10.0; Win64; x64) AppleWebKit/537.36 (KHTML, like Gecko) Chrome/131.0.0.0 Safari/537.36"
127.0.0.1 - - [13/Dec/2024:18:08:17 +0100] "POST /blocked HTTP/1.1" 200 2 "http://localhost:8080/home" "Mozilla/5.0 (Windows NT 10.0; Win64; x64) AppleWebKit/537.36 (KHTML, like Gecko) Chrome/131.0.0.0 Safari/537.36"
127.0.0.1 - - [13/Dec/2024:18:08:17 +0100] "POST /dag_stats HTTP/1.1" 200 324 "http://localhost:8080/home" "Mozilla/5.0 (Windows NT 10.0; Win64; x64) AppleWebKit/537.36 (KHTML, like Gecko) Chrome/131.0.0.0 Safari/537.36"
127.0.0.1 - - [13/Dec/2024:18:08:17 +0100] "POST /last_dagruns HTTP/1.1" 200 2 "http://localhost:8080/home" "Mozilla/5.0 (Windows NT 10.0; Win64; x64) AppleWebKit/537.36 (KHTML, like Gecko) Chrome/131.0.0.0 Safari/537.36"
127.0.0.1 - - [13/Dec/2024:18:08:17 +0100] "GET /home HTTP/1.1" 200 49183 "http://localhost:8080/login/?next=http%3A%2F%2Flocalhost%3A8080%2Fhome" "Mozilla/5.0 (Windows NT 10.0; Win64; x64) AppleWebKit/537.36 (KHTML, like Gecko) Chrome/131.0.0.0 Safari/537.36"
127.0.0.1 - - [13/Dec/2024:18:08:17 +0100] "POST /task_stats HTTP/1.1" 200 1054 "http://localhost:8080/home" "Mozilla/5.0 (Windows NT 10.0; Win64; x64) AppleWebKit/537.36 (KHTML, like Gecko) Chrome/131.0.0.0 Safari/537.36"
127.0.0.1 - - [13/Dec/2024:18:08:18 +0100] "POST /blocked HTTP/1.1" 200 2 "http://localhost:8080/home" "Mozilla/5.0 (Windows NT 10.0; Win64; x64) AppleWebKit/537.36 (KHTML, like Gecko) Chrome/131.0.0.0 Safari/537.36"
127.0.0.1 - - [13/Dec/2024:18:08:18 +0100] "POST /dag_stats HTTP/1.1" 200 324 "http://localhost:8080/home" "Mozilla/5.0 (Windows NT 10.0; Win64; x64) AppleWebKit/537.36 (KHTML, like Gecko) Chrome/131.0.0.0 Safari/537.36"
127.0.0.1 - - [13/Dec/2024:18:08:18 +0100] "POST /last_dagruns HTTP/1.1" 200 2 "http://localhost:8080/home" "Mozilla/5.0 (Windows NT 10.0; Win64; x64) AppleWebKit/537.36 (KHTML, like Gecko) Chrome/131.0.0.0 Safari/537.36"
127.0.0.1 - - [13/Dec/2024:18:08:18 +0100] "POST /task_stats HTTP/1.1" 200 1054 "http://localhost:8080/home" "Mozilla/5.0 (Windows NT 10.0; Win64; x64) AppleWebKit/537.36 (KHTML, like Gecko) Chrome/131.0.0.0 Safari/537.36"
